::1 - - [07/Sep/2020:18:33:19 +0500] "GET /images/blog/thumb1.jpg HTTP/1.1" 404 220
::1 - - [07/Sep/2020:18:33:19 +0500] "GET /images/blog/thumb2.jpg HTTP/1.1" 404 220
::1 - - [07/Sep/2020:18:33:19 +0500] "GET /images/blog/thumb3.jpg HTTP/1.1" 404 220
::1 - - [07/Sep/2020:18:33:20 +0500] "GET /images/blog/thumb1.jpg HTTP/1.1" 404 220
::1 - - [07/Sep/2020:18:33:20 +0500] "GET /images/blog/thumb3.jpg HTTP/1.1" 404 220
::1 - - [07/Sep/2020:18:33:20 +0500] "GET /images/blog/thumb2.jpg HTTP/1.1" 404 220
::1 - - [07/Sep/2020:18:33:20 +0500] "GET /favicon.ico HTTP/1.1" 404 209
::1 - - [07/Sep/2020:18:33:21 +0500] "GET /images/arrows.png HTTP/1.1" 404 215
::1 - - [07/Sep/2020:18:33:25 +0500] "GET /events.php HTTP/1.1" 200 18543
::1 - - [07/Sep/2020:18:33:26 +0500] "GET /images/blog/blog1.jpg HTTP/1.1" 404 219
::1 - - [07/Sep/2020:18:33:26 +0500] "GET /images/logo_t.png HTTP/1.1" 200 14512
::1 - - [07/Sep/2020:18:33:26 +0500] "GET /images/blog/thumb1.jpg HTTP/1.1" 404 220
::1 - - [07/Sep/2020:18:33:26 +0500] "GET /images/blog/thumb3.jpg HTTP/1.1" 404 220
::1 - - [07/Sep/2020:18:33:26 +0500] "GET /images/blog/blog1.jpg HTTP/1.1" 404 219
::1 - - [07/Sep/2020:18:33:26 +0500] "GET /images/blog/thumb2.jpg HTTP/1.1" 404 220
::1 - - [07/Sep/2020:18:33:26 +0500] "GET /images/ico/apple-touch-icon-144-precomposed.png HTTP/1.1" 200 16780
::1 - - [07/Sep/2020:18:33:26 +0500] "GET /images/ico/favicon.ico HTTP/1.1" 200 1150
::1 - - [07/Sep/2020:18:33:37 +0500] "GET /gallery.php HTTP/1.1" 200 9560
::1 - - [07/Sep/2020:18:33:37 +0500] "GET /images/img01.jpg HTTP/1.1" 200 223318
::1 - - [07/Sep/2020:18:33:37 +0500] "GET /images/img02.jpg HTTP/1.1" 200 61112
::1 - - [07/Sep/2020:18:33:37 +0500] "GET /images/img05.jpg HTTP/1.1" 200 66731
::1 - - [07/Sep/2020:18:33:37 +0500] "GET /images/img04.jpg HTTP/1.1" 200 202171
::1 - - [07/Sep/2020:18:33:37 +0500] "GET /images/pic02.jpg HTTP/1.1" 200 104935
::1 - - [07/Sep/2020:18:33:37 +0500] "GET /images/pic04.jpg HTTP/1.1" 200 72796
::1 - - [07/Sep/2020:18:33:37 +0500] "GET /images/pic01.jpg HTTP/1.1" 200 580563
::1 - - [07/Sep/2020:18:33:37 +0500] "GET /images/img03.jpg HTTP/1.1" 200 3256852
::1 - - [07/Sep/2020:18:33:37 +0500] "GET /images/pic03.jpg HTTP/1.1" 200 2377901
::1 - - [07/Sep/2020:18:33:39 +0500] "GET /blog.php HTTP/1.1" 302 9407
::1 - - [07/Sep/2020:18:33:39 +0500] "GET /login.php HTTP/1.1" 200 9477
::1 - - [07/Sep/2020:18:33:39 +0500] "GET /images/blog/thumb1.jpg HTTP/1.1" 404 220
::1 - - [07/Sep/2020:18:33:39 +0500] "GET /images/blog/thumb2.jpg HTTP/1.1" 404 220
::1 - - [07/Sep/2020:18:33:39 +0500] "GET /images/blog/thumb3.jpg HTTP/1.1" 404 220
::1 - - [07/Sep/2020:18:33:39 +0500] "GET /images/blog/thumb1.jpg HTTP/1.1" 404 220
::1 - - [07/Sep/2020:18:33:39 +0500] "GET /images/blog/thumb2.jpg HTTP/1.1" 404 220
::1 - - [07/Sep/2020:18:33:39 +0500] "GET /images/blog/thumb3.jpg HTTP/1.1" 404 220
::1 - - [07/Sep/2020:18:33:44 +0500] "GET /about-us.php HTTP/1.1" 200 7697
::1 - - [07/Sep/2020:18:33:44 +0500] "GET /images/blog/thumb1.jpg HTTP/1.1" 404 220
::1 - - [07/Sep/2020:18:33:44 +0500] "GET /images/blog/thumb2.jpg HTTP/1.1" 404 220
::1 - - [07/Sep/2020:18:33:44 +0500] "GET /images/blog/thumb3.jpg HTTP/1.1" 404 220
::1 - - [07/Sep/2020:18:33:46 +0500] "GET /contact-us.php HTTP/1.1" 200 10334
::1 - - [07/Sep/2020:18:33:47 +0500] "GET /images/blog/thumb1.jpg HTTP/1.1" 404 220
::1 - - [07/Sep/2020:18:33:47 +0500] "GET /images/blog/thumb2.jpg HTTP/1.1" 404 220
::1 - - [07/Sep/2020:18:33:47 +0500] "GET /images/blog/thumb3.jpg HTTP/1.1" 404 220
::1 - - [07/Sep/2020:18:33:49 +0500] "GET /userindex.php HTTP/1.1" 302 42795
::1 - - [07/Sep/2020:18:33:49 +0500] "GET /login.php HTTP/1.1" 200 9477
::1 - - [07/Sep/2020:18:33:49 +0500] "GET /images/blog/thumb1.jpg HTTP/1.1" 404 220
::1 - - [07/Sep/2020:18:33:49 +0500] "GET /images/blog/thumb2.jpg HTTP/1.1" 404 220
::1 - - [07/Sep/2020:18:33:49 +0500] "GET /images/blog/thumb3.jpg HTTP/1.1" 404 220
::1 - - [07/Sep/2020:18:33:49 +0500] "GET /images/blog/thumb1.jpg HTTP/1.1" 404 220
::1 - - [07/Sep/2020:18:33:49 +0500] "GET /images/blog/thumb2.jpg HTTP/1.1" 404 220
::1 - - [07/Sep/2020:18:33:49 +0500] "GET /images/blog/thumb3.jpg HTTP/1.1" 404 220
::1 - - [07/Sep/2020:18:33:57 +0500] "GET /about-us.php HTTP/1.1" 200 7697
::1 - - [07/Sep/2020:18:33:57 +0500] "GET /images/blog/thumb1.jpg HTTP/1.1" 404 220
::1 - - [07/Sep/2020:18:33:57 +0500] "GET /images/blog/thumb2.jpg HTTP/1.1" 404 220
::1 - - [07/Sep/2020:18:33:57 +0500] "GET /images/blog/thumb3.jpg HTTP/1.1" 404 220
::1 - - [07/Sep/2020:18:33:59 +0500] "GET /contact-us.php HTTP/1.1" 200 10334
::1 - - [07/Sep/2020:18:33:59 +0500] "GET /images/blog/thumb1.jpg HTTP/1.1" 404 220
::1 - - [07/Sep/2020:18:33:59 +0500] "GET /images/blog/thumb2.jpg HTTP/1.1" 404 220
::1 - - [07/Sep/2020:18:33:59 +0500] "GET /images/blog/thumb3.jpg HTTP/1.1" 404 220
::1 - - [07/Sep/2020:18:34:01 +0500] "GET /about-us.php HTTP/1.1" 200 7697
::1 - - [07/Sep/2020:18:34:01 +0500] "GET /images/blog/thumb1.jpg HTTP/1.1" 404 220
::1 - - [07/Sep/2020:18:34:01 +0500] "GET /images/blog/thumb2.jpg HTTP/1.1" 404 220
::1 - - [07/Sep/2020:18:34:01 +0500] "GET /images/blog/thumb3.jpg HTTP/1.1" 404 220
::1 - - [07/Sep/2020:18:34:02 +0500] "GET /forums.php HTTP/1.1" 200 17347
::1 - - [07/Sep/2020:18:34:03 +0500] "GET /images/ads/ad1.png HTTP/1.1" 200 38032
::1 - - [07/Sep/2020:18:34:03 +0500] "GET /images/blog/blog1.jpg HTTP/1.1" 404 219
::1 - - [07/Sep/2020:18:34:03 +0500] "GET /images/ads/ad2.png HTTP/1.1" 200 11191
::1 - - [07/Sep/2020:18:34:03 +0500] "GET /images/ads/ad4.png HTTP/1.1" 200 14293
::1 - - [07/Sep/2020:18:34:03 +0500] "GET /images/blog/blog2.jpg HTTP/1.1" 404 219
::1 - - [07/Sep/2020:18:34:03 +0500] "GET /images/blog/thumb3.jpg HTTP/1.1" 404 220
::1 - - [07/Sep/2020:18:34:03 +0500] "GET /images/blog/thumb1.jpg HTTP/1.1" 404 220
::1 - - [07/Sep/2020:18:34:03 +0500] "GET /images/blog/thumb2.jpg HTTP/1.1" 404 220
::1 - - [07/Sep/2020:18:34:03 +0500] "GET /images/ads/ad3.png HTTP/1.1" 200 39338
::1 - - [07/Sep/2020:18:34:03 +0500] "GET /images/blog/blog1.jpg HTTP/1.1" 404 219
::1 - - [07/Sep/2020:18:34:03 +0500] "GET /images/blog/blog2.jpg HTTP/1.1" 404 219
::1 - - [07/Sep/2020:18:34:03 +0500] "GET /images/blog/thumb1.jpg HTTP/1.1" 404 220
::1 - - [07/Sep/2020:18:34:03 +0500] "GET /images/blog/thumb2.jpg HTTP/1.1" 404 220
::1 - - [07/Sep/2020:18:34:03 +0500] "GET /images/blog/thumb3.jpg HTTP/1.1" 404 220
::1 - - [07/Sep/2020:18:34:03 +0500] "GET /images/ico/apple-touch-icon-144-precomposed.png HTTP/1.1" 200 16780
::1 - - [07/Sep/2020:18:34:03 +0500] "GET /images/ico/favicon.ico HTTP/1.1" 200 1150
::1 - - [07/Sep/2020:18:34:06 +0500] "GET /blog-item.php HTTP/1.1" 302 15593
::1 - - [07/Sep/2020:18:34:06 +0500] "GET /login.php HTTP/1.1" 200 9477
::1 - - [07/Sep/2020:18:34:06 +0500] "GET /images/blog/thumb1.jpg HTTP/1.1" 404 220
::1 - - [07/Sep/2020:18:34:06 +0500] "GET /images/blog/thumb2.jpg HTTP/1.1" 404 220
::1 - - [07/Sep/2020:18:34:06 +0500] "GET /images/blog/thumb3.jpg HTTP/1.1" 404 220
::1 - - [07/Sep/2020:18:34:06 +0500] "GET /images/blog/thumb1.jpg HTTP/1.1" 404 220
::1 - - [07/Sep/2020:18:34:06 +0500] "GET /images/blog/thumb2.jpg HTTP/1.1" 404 220
::1 - - [07/Sep/2020:18:34:06 +0500] "GET /images/blog/thumb3.jpg HTTP/1.1" 404 220
::1 - - [07/Sep/2020:18:34:27 +0500] "GET /index.php HTTP/1.1" 200 42947
::1 - - [07/Sep/2020:18:34:27 +0500] "GET /images/k2/img01.jpg HTTP/1.1" 200 580563
::1 - - [07/Sep/2020:18:34:27 +0500] "GET /images/g2/img02.jpg HTTP/1.1" 200 61112
::1 - - [07/Sep/2020:18:34:27 +0500] "GET /images/makran/img02.jpg HTTP/1.1" 200 52627
::1 - - [07/Sep/2020:18:34:27 +0500] "GET /images/wildlife/img02.jpg HTTP/1.1" 200 37196
::1 - - [07/Sep/2020:18:34:28 +0500] "GET /images/slider/slider4.jpg HTTP/1.1" 200 56190
::1 - - [07/Sep/2020:18:34:28 +0500] "GET /images/slider/slider1.jpg HTTP/1.1" 200 586034
::1 - - [07/Sep/2020:18:34:28 +0500] "GET /images/deosai/img05.jpg HTTP/1.1" 200 155170
::1 - - [07/Sep/2020:18:34:28 +0500] "GET /images/baltoro/img06.jpg HTTP/1.1" 200 28857
::1 - - [07/Sep/2020:18:34:28 +0500] "GET /images/concordia/img01.jpg HTTP/1.1" 200 21552
::1 - - [07/Sep/2020:18:34:28 +0500] "GET /images/slider/slider3.jpg HTTP/1.1" 200 2006970
::1 - - [07/Sep/2020:18:34:28 +0500] "GET /images/nayserbrakk/img03.jpg HTTP/1.1" 200 39997
::1 - - [07/Sep/2020:18:34:28 +0500] "GET /images/lailapeak/img03.jpg HTTP/1.1" 200 207718
::1 - - [07/Sep/2020:18:34:28 +0500] "GET /images/trangotowers/img01.jpg HTTP/1.1" 200 73727
::1 - - [07/Sep/2020:18:34:28 +0500] "GET /images/spantik/img02.JPG HTTP/1.1" 200 4338458
::1 - - [07/Sep/2020:18:34:28 +0500] "GET /images/blogs/img01.jpg HTTP/1.1" 200 22045
::1 - - [07/Sep/2020:18:34:28 +0500] "GET /images/blogs/img02.jpg HTTP/1.1" 200 27099
::1 - - [07/Sep/2020:18:34:28 +0500] "GET /images/blogs/img03.jpg HTTP/1.1" 200 60484
::1 - - [07/Sep/2020:18:34:28 +0500] "GET /images/blogs/img04.jpg HTTP/1.1" 200 38830
::1 - - [07/Sep/2020:18:34:28 +0500] "GET /images/blog/thumb1.jpg HTTP/1.1" 404 220
::1 - - [07/Sep/2020:18:34:28 +0500] "GET /images/blog/thumb2.jpg HTTP/1.1" 404 220
::1 - - [07/Sep/2020:18:34:28 +0500] "GET /images/blog/thumb3.jpg HTTP/1.1" 404 220
::1 - - [07/Sep/2020:18:34:28 +0500] "GET /images/blog/thumb1.jpg HTTP/1.1" 404 220
::1 - - [07/Sep/2020:18:34:28 +0500] "GET /images/blog/thumb3.jpg HTTP/1.1" 404 220
::1 - - [07/Sep/2020:18:34:28 +0500] "GET /images/blog/thumb2.jpg HTTP/1.1" 404 220
::1 - - [07/Sep/2020:18:34:29 +0500] "GET /images/arrows.png HTTP/1.1" 404 215
::1 - - [07/Sep/2020:18:34:30 +0500] "GET /events.php HTTP/1.1" 200 18543
::1 - - [07/Sep/2020:18:34:30 +0500] "GET /images/blog/blog1.jpg HTTP/1.1" 404 219
::1 - - [07/Sep/2020:18:34:30 +0500] "GET /images/blog/thumb1.jpg HTTP/1.1" 404 220
::1 - - [07/Sep/2020:18:34:30 +0500] "GET /images/blog/thumb2.jpg HTTP/1.1" 404 220
::1 - - [07/Sep/2020:18:34:30 +0500] "GET /images/blog/thumb3.jpg HTTP/1.1" 404 220
::1 - - [07/Sep/2020:18:34:30 +0500] "GET /images/blog/blog1.jpg HTTP/1.1" 404 219
::1 - - [07/Sep/2020:18:34:30 +0500] "GET /images/blog/thumb1.jpg HTTP/1.1" 404 220
::1 - - [07/Sep/2020:18:34:30 +0500] "GET /images/blog/thumb2.jpg HTTP/1.1" 404 220
::1 - - [07/Sep/2020:18:34:30 +0500] "GET /images/blog/thumb3.jpg HTTP/1.1" 404 220
::1 - - [07/Sep/2020:18:34:33 +0500] "GET /index.php HTTP/1.1" 200 42947
::1 - - [07/Sep/2020:18:34:38 +0500] "GET /nangaparbat.php HTTP/1.1" 404 213
::1 - - [07/Sep/2020:18:34:59 +0500] "GET /phpmyadmin HTTP/1.1" 301 241
::1 - - [07/Sep/2020:18:34:59 +0500] "GET /phpmyadmin/ HTTP/1.1" 200 8469
::1 - - [07/Sep/2020:18:35:00 +0500] "GET /phpmyadmin/themes/pmahomme/jquery/jquery-ui-1.9.2.custom.css HTTP/1.1" 200 32278
::1 - - [07/Sep/2020:18:35:00 +0500] "GET /phpmyadmin/js/get_image.js.php?theme=pmahomme HTTP/1.1" 200 6263
::1 - - [07/Sep/2020:18:35:00 +0500] "GET /phpmyadmin/js/messages.php?lang=en&db=&server=0&collation_connection=utf8_general_ci&token=78406679e521792eafa5881fb1ffd326 HTTP/1.1" 200 16674
::1 - - [07/Sep/2020:18:35:00 +0500] "GET /phpmyadmin/js/get_scripts.js.php?scripts[]=jquery/jquery-1.8.3.js&scripts[]=ajax.js&scripts[]=keyhandler.js&scripts[]=jquery/jquery-ui-1.9.2.custom.js&scripts[]=jquery/jquery.sprintf.js&scripts[]=jquery/jquery.cookie.js&scripts[]=jquery/jquery.mousewheel.js&scripts[]=jquery/jquery.event.drag-2.2.js&scripts[]=jquery/jquery-ui-timepicker-addon.js&scripts[]=jquery/jquery.ba-hashchange-1.3.js&scripts[]=jquery/jquery.debounce-1.0.5.js&scripts[]=jquery/jquery.menuResizer-1.0.js&scripts[]=rte.js&scripts[]=functions.js&scripts[]=navigation.js&scripts[]=indexes.js&scripts[]=common.js&scripts[]=codemirror/lib/codemirror.js&scripts[]=codemirror/mode/mysql/mysql.js HTTP/1.1" 200 578562
::1 - - [07/Sep/2020:18:35:00 +0500] "GET /phpmyadmin/phpmyadmin.css.php?server=1&lang=en&collation_connection=utf8_general_ci&token=7d8a4225cdab631d4ff2a6ec5f0e6ba1&nocache=4125066312ltr HTTP/1.1" 200 88608
::1 - - [07/Sep/2020:18:35:01 +0500] "GET /phpmyadmin/themes/dot.gif HTTP/1.1" 200 43
::1 - - [07/Sep/2020:18:35:01 +0500] "GET /phpmyadmin/themes/pmahomme/img/logo_right.png HTTP/1.1" 200 4548
::1 - - [07/Sep/2020:18:35:01 +0500] "GET /phpmyadmin/favicon.ico HTTP/1.1" 200 18902
::1 - - [07/Sep/2020:18:35:01 +0500] "GET /phpmyadmin/themes/pmahomme/img/sprites.png HTTP/1.1" 200 61899
::1 - - [07/Sep/2020:18:35:13 +0500] "POST /phpmyadmin/index.php HTTP/1.1" 302 -
::1 - - [07/Sep/2020:18:35:13 +0500] "GET /phpmyadmin/index.php?token=daa7a420b2327d3f221497a472fbb57e HTTP/1.1" 200 43196
::1 - - [07/Sep/2020:18:35:14 +0500] "GET /phpmyadmin/js/messages.php?lang=en&db=&server=0&token=daa7a420b2327d3f221497a472fbb57e HTTP/1.1" 200 16674
::1 - - [07/Sep/2020:18:35:14 +0500] "GET /phpmyadmin/phpmyadmin.css.php?server=1&token=daa7a420b2327d3f221497a472fbb57e&nocache=5724552026ltr HTTP/1.1" 200 88608
::1 - - [07/Sep/2020:18:35:14 +0500] "GET /phpmyadmin/themes/pmahomme/img/logo_left.png HTTP/1.1" 200 2327
::1 - - [07/Sep/2020:18:35:14 +0500] "GET /phpmyadmin/themes/pmahomme/img/ajax_clock_small.gif HTTP/1.1" 200 1810
::1 - - [07/Sep/2020:18:35:14 +0500] "GET /phpmyadmin/themes/pmahomme/img/left_nav_bg.png HTTP/1.1" 200 297
::1 - - [07/Sep/2020:18:35:14 +0500] "GET /phpmyadmin/version_check.php?&_nocache=1599485714705100154 HTTP/1.1" 200 39
::1 - - [07/Sep/2020:18:35:17 +0500] "GET /phpmyadmin/server_sql.php?db=&token=daa7a420b2327d3f221497a472fbb57e&ajax_request=true&ajax_page_request=true&menuHashes=ad3c6dc3&_nocache=1599485717017416888 HTTP/1.1" 200 6548
::1 - - [07/Sep/2020:18:35:18 +0500] "GET /phpmyadmin/js/get_scripts.js.php?scripts[]=makegrid.js&scripts[]=sql.js HTTP/1.1" 200 35099
::1 - - [07/Sep/2020:18:35:19 +0500] "GET /phpmyadmin/server_databases.php?db=&token=daa7a420b2327d3f221497a472fbb57e&ajax_request=true&ajax_page_request=true&menuHashes=ad3c6dc3-25d2bef6&_nocache=1599485719467814243 HTTP/1.1" 200 33931
::1 - - [07/Sep/2020:18:35:19 +0500] "GET /phpmyadmin/themes/pmahomme/img/arrow_ltr.png HTTP/1.1" 200 139
::1 - - [07/Sep/2020:18:35:19 +0500] "GET /phpmyadmin/js/get_scripts.js.php?scripts[]=server_databases.js HTTP/1.1" 200 1818
::1 - - [07/Sep/2020:18:35:35 +0500] "GET /phpmyadmin/db_structure.php?token=daa7a420b2327d3f221497a472fbb57e&db=traversepakistan&ajax_request=true&ajax_page_request=true&menuHashes=ad3c6dc3-25d2bef6-5795b362&_nocache=1599485735374194565 HTTP/1.1" 200 29610
::1 - - [07/Sep/2020:18:35:35 +0500] "GET /phpmyadmin/js/get_scripts.js.php?scripts[]=db_structure.js&scripts[]=tbl_change.js HTTP/1.1" 200 12382
::1 - - [07/Sep/2020:18:35:43 +0500] "GET /phpmyadmin/sql.php?db=traversepakistan&token=daa7a420b2327d3f221497a472fbb57e&goto=db_structure.php&table=person&pos=0&ajax_request=true&ajax_page_request=true&menuHashes=ad3c6dc3-25d2bef6-5795b362-578b0ec8&_nocache=1599485743606127303 HTTP/1.1" 200 27746
::1 - - [07/Sep/2020:18:35:44 +0500] "GET /phpmyadmin/themes/pmahomme/img/s_fulltext.png HTTP/1.1" 200 193
::1 - - [07/Sep/2020:18:35:44 +0500] "GET /phpmyadmin/js/get_scripts.js.php?scripts[]=tbl_structure.js&scripts[]=gis_data_editor.js HTTP/1.1" 200 15188
::1 - - [07/Sep/2020:18:35:44 +0500] "GET /phpmyadmin/themes/pmahomme/img/col_pointer.png HTTP/1.1" 200 113
::1 - - [07/Sep/2020:18:35:44 +0500] "GET /phpmyadmin/themes/pmahomme/img/col_drop.png HTTP/1.1" 200 132
::1 - - [07/Sep/2020:18:35:44 +0500] "GET /phpmyadmin/index.php?ajax_request=1&recent_table=1&token=daa7a420b2327d3f221497a472fbb57e HTTP/1.1" 200 228
::1 - - [07/Sep/2020:18:36:07 +0500] "GET /images/spantik/img02.JPG HTTP/1.1" 200 4338458
::1 - - [07/Sep/2020:18:36:07 +0500] "GET /images/blog/thumb1.jpg HTTP/1.1" 404 220
::1 - - [07/Sep/2020:18:36:07 +0500] "GET /images/blog/thumb2.jpg HTTP/1.1" 404 220
::1 - - [07/Sep/2020:18:36:07 +0500] "GET /images/blog/thumb3.jpg HTTP/1.1" 404 220
::1 - - [07/Sep/2020:18:36:08 +0500] "GET /images/blog/thumb1.jpg HTTP/1.1" 404 220
::1 - - [07/Sep/2020:18:36:08 +0500] "GET /images/blog/thumb2.jpg HTTP/1.1" 404 220
::1 - - [07/Sep/2020:18:36:08 +0500] "GET /images/blog/thumb3.jpg HTTP/1.1" 404 220
::1 - - [07/Sep/2020:18:36:08 +0500] "GET /images/arrows.png HTTP/1.1" 404 215
::1 - - [07/Sep/2020:18:36:11 +0500] "GET /registration.php HTTP/1.1" 200 10973
::1 - - [07/Sep/2020:18:36:11 +0500] "GET /images/blog/thumb1.jpg HTTP/1.1" 404 220
::1 - - [07/Sep/2020:18:36:12 +0500] "GET /images/blog/thumb2.jpg HTTP/1.1" 404 220
::1 - - [07/Sep/2020:18:36:12 +0500] "GET /images/blog/thumb3.jpg HTTP/1.1" 404 220
::1 - - [07/Sep/2020:18:36:38 +0500] "POST /registration.php HTTP/1.1" 200 11227
::1 - - [07/Sep/2020:18:36:38 +0500] "GET /images/blog/thumb1.jpg HTTP/1.1" 404 220
::1 - - [07/Sep/2020:18:36:38 +0500] "GET /images/blog/thumb2.jpg HTTP/1.1" 404 220
::1 - - [07/Sep/2020:18:36:38 +0500] "GET /images/blog/thumb3.jpg HTTP/1.1" 404 220
::1 - - [07/Sep/2020:18:37:06 +0500] "GET /registration.php HTTP/1.1" 200 10973
::1 - - [07/Sep/2020:18:37:37 +0500] "POST /registration.php HTTP/1.1" 302 11184
::1 - - [07/Sep/2020:18:37:37 +0500] "GET /registrationbtn.php HTTP/1.1" 200 9742
::1 - - [07/Sep/2020:18:37:38 +0500] "GET /images/blog/thumb1.jpg HTTP/1.1" 404 220
::1 - - [07/Sep/2020:18:37:38 +0500] "GET /images/blog/thumb2.jpg HTTP/1.1" 404 220
::1 - - [07/Sep/2020:18:37:38 +0500] "GET /images/blog/thumb3.jpg HTTP/1.1" 404 220
::1 - - [07/Sep/2020:18:37:40 +0500] "GET /userindex.php HTTP/1.1" 200 42613
::1 - - [07/Sep/2020:18:37:41 +0500] "GET /images/blog/thumb1.jpg HTTP/1.1" 404 220
::1 - - [07/Sep/2020:18:37:41 +0500] "GET /images/blog/thumb2.jpg HTTP/1.1" 404 220
::1 - - [07/Sep/2020:18:37:41 +0500] "GET /images/blog/thumb3.jpg HTTP/1.1" 404 220
::1 - - [07/Sep/2020:18:37:41 +0500] "GET /images/spantik/img02.JPG HTTP/1.1" 200 4338458
::1 - - [07/Sep/2020:18:37:41 +0500] "GET /images/blog/thumb1.jpg HTTP/1.1" 404 220
::1 - - [07/Sep/2020:18:37:41 +0500] "GET /images/blog/thumb2.jpg HTTP/1.1" 404 220
::1 - - [07/Sep/2020:18:37:41 +0500] "GET /images/blog/thumb3.jpg HTTP/1.1" 404 220
::1 - - [07/Sep/2020:18:37:42 +0500] "GET /images/arrows.png HTTP/1.1" 404 215
::1 - - [07/Sep/2020:18:37:44 +0500] "GET /addevent.php HTTP/1.1" 200 11934
::1 - - [07/Sep/2020:18:37:44 +0500] "GET /images/blog/thumb1.jpg HTTP/1.1" 404 220
::1 - - [07/Sep/2020:18:37:44 +0500] "GET /images/blog/thumb2.jpg HTTP/1.1" 404 220
::1 - - [07/Sep/2020:18:37:44 +0500] "GET /images/blog/thumb3.jpg HTTP/1.1" 404 220
