2014-12-06 09:25:38 916 [Note] Plugin 'FEDERATED' is disabled.
2014-12-06 09:25:38 916 [Note] InnoDB: The InnoDB memory heap is disabled
2014-12-06 09:25:38 916 [Note] InnoDB: Mutexes and rw_locks use Windows interlocked functions
2014-12-06 09:25:38 916 [Note] InnoDB: Compressed tables use zlib 1.2.3
2014-12-06 09:25:38 916 [Note] InnoDB: Not using CPU crc32 instructions
2014-12-06 09:25:38 916 [Note] InnoDB: Initializing buffer pool, size = 128.0M
2014-12-06 09:25:38 916 [Note] InnoDB: Completed initialization of buffer pool
2014-12-06 09:25:38 916 [Note] InnoDB: Highest supported file format is Barracuda.
2014-12-06 09:25:38 916 [Note] InnoDB: The log sequence numbers 1626134 and 1626134 in ibdata files do not match the log sequence number 2030490 in the ib_logfiles!
2014-12-06 09:25:38 916 [Note] InnoDB: Database was not shutdown normally!
2014-12-06 09:25:38 916 [Note] InnoDB: Starting crash recovery.
2014-12-06 09:25:38 916 [Note] InnoDB: Reading tablespace information from the .ibd files...
2014-12-06 09:25:38 916 [Note] InnoDB: Restoring possible half-written data pages 
2014-12-06 09:25:38 916 [Note] InnoDB: from the doublewrite buffer...
2014-12-06 09:25:48 916 [Note] InnoDB: 128 rollback segment(s) are active.
2014-12-06 09:25:48 916 [Note] InnoDB: Waiting for purge to start
2014-12-06 09:25:48 916 [Note] InnoDB: 5.6.13 started; log sequence number 2030490
2014-12-06 09:25:48 916 [Note] Server hostname (bind-address): '*'; port: 3307
2014-12-06 09:25:48 916 [Note] IPv6 is available.
2014-12-06 09:25:48 916 [Note]   - '::' resolves to '::';
2014-12-06 09:25:48 916 [Note] Server socket created on IP: '::'.
2014-12-06 09:25:50 916 [Note] Event Scheduler: Loaded 0 events
2014-12-06 09:25:50 916 [Note] C:\Users\dell\Desktop\New folder/mysql/bin/mysqld_usbwv8.exe: ready for connections.
Version: '5.6.13'  socket: ''  port: 3307  MySQL Community Server (GPL)
2014-12-30 23:19:31 4800 [Note] Plugin 'FEDERATED' is disabled.
2014-12-30 23:19:34 4800 [Note] InnoDB: The InnoDB memory heap is disabled
2014-12-30 23:19:34 4800 [Note] InnoDB: Mutexes and rw_locks use Windows interlocked functions
2014-12-30 23:19:34 4800 [Note] InnoDB: Compressed tables use zlib 1.2.3
2014-12-30 23:19:34 4800 [Note] InnoDB: Not using CPU crc32 instructions
2014-12-30 23:19:34 4800 [Note] InnoDB: Initializing buffer pool, size = 128.0M
2014-12-30 23:19:34 4800 [Note] InnoDB: Completed initialization of buffer pool
2014-12-30 23:19:35 4800 [Note] InnoDB: Highest supported file format is Barracuda.
2014-12-30 23:19:35 4800 [Note] InnoDB: The log sequence numbers 1626134 and 1626134 in ibdata files do not match the log sequence number 2030500 in the ib_logfiles!
2014-12-30 23:19:35 4800 [Note] InnoDB: Database was not shutdown normally!
2014-12-30 23:19:35 4800 [Note] InnoDB: Starting crash recovery.
2014-12-30 23:19:35 4800 [Note] InnoDB: Reading tablespace information from the .ibd files...
2014-12-30 23:19:36 4800 [Note] InnoDB: Restoring possible half-written data pages 
2014-12-30 23:19:36 4800 [Note] InnoDB: from the doublewrite buffer...
2014-12-30 23:19:42 4800 [Note] InnoDB: 128 rollback segment(s) are active.
2014-12-30 23:19:42 4800 [Note] InnoDB: Waiting for purge to start
2014-12-30 23:19:42 4800 [Note] InnoDB: 5.6.13 started; log sequence number 2030500
2014-12-30 23:19:42 4800 [Note] Server hostname (bind-address): '*'; port: 3307
2014-12-30 23:19:42 4800 [Note] IPv6 is available.
2014-12-30 23:19:42 4800 [Note]   - '::' resolves to '::';
2014-12-30 23:19:42 4800 [Note] Server socket created on IP: '::'.
2014-12-30 23:19:54 4800 [Note] Event Scheduler: Loaded 0 events
2014-12-30 23:19:54 4800 [Note] C:\Users\dell\Desktop\New folder/mysql/bin/mysqld_usbwv8.exe: ready for connections.
Version: '5.6.13'  socket: ''  port: 3307  MySQL Community Server (GPL)
2015-01-02 13:51:25 4800 [Note] Plugin 'FEDERATED' is disabled.
2015-01-02 13:51:25 4800 [Note] InnoDB: The InnoDB memory heap is disabled
2015-01-02 13:51:25 4800 [Note] InnoDB: Mutexes and rw_locks use Windows interlocked functions
2015-01-02 13:51:25 4800 [Note] InnoDB: Compressed tables use zlib 1.2.3
2015-01-02 13:51:26 4800 [Note] InnoDB: Not using CPU crc32 instructions
2015-01-02 13:51:34 4800 [Note] InnoDB: Initializing buffer pool, size = 128.0M
2015-01-02 13:51:35 4800 [Note] InnoDB: Completed initialization of buffer pool
2015-01-02 13:51:38 4800 [Note] InnoDB: Highest supported file format is Barracuda.
2015-01-02 13:51:38 4800 [Note] InnoDB: The log sequence numbers 1626134 and 1626134 in ibdata files do not match the log sequence number 2030510 in the ib_logfiles!
2015-01-02 13:51:38 4800 [Note] InnoDB: Database was not shutdown normally!
2015-01-02 13:51:38 4800 [Note] InnoDB: Starting crash recovery.
2015-01-02 13:51:38 4800 [Note] InnoDB: Reading tablespace information from the .ibd files...
2015-01-02 13:51:38 4800 [Note] InnoDB: Restoring possible half-written data pages 
2015-01-02 13:51:38 4800 [Note] InnoDB: from the doublewrite buffer...
2015-01-02 13:51:44 4800 [Note] InnoDB: 128 rollback segment(s) are active.
2015-01-02 13:51:44 4800 [Note] InnoDB: Waiting for purge to start
2015-01-02 13:51:44 4800 [Note] InnoDB: 5.6.13 started; log sequence number 2030510
2015-01-02 13:51:45 4800 [Note] Server hostname (bind-address): '*'; port: 3307
2015-01-02 13:51:45 4800 [Note] IPv6 is available.
2015-01-02 13:51:45 4800 [Note]   - '::' resolves to '::';
2015-01-02 13:51:45 4800 [Note] Server socket created on IP: '::'.
2015-01-02 13:51:59 4800 [Note] Event Scheduler: Loaded 0 events
2015-01-02 13:51:59 4800 [Note] C:\Users\dell\Desktop\New folder/mysql/bin/mysqld_usbwv8.exe: ready for connections.
Version: '5.6.13'  socket: ''  port: 3307  MySQL Community Server (GPL)
2015-01-02 15:07:28 1404 [Note] Plugin 'FEDERATED' is disabled.
2015-01-02 15:07:29 1404 [Note] InnoDB: The InnoDB memory heap is disabled
2015-01-02 15:07:29 1404 [Note] InnoDB: Mutexes and rw_locks use Windows interlocked functions
2015-01-02 15:07:29 1404 [Note] InnoDB: Compressed tables use zlib 1.2.3
2015-01-02 15:07:29 1404 [Note] InnoDB: Not using CPU crc32 instructions
2015-01-02 15:07:29 1404 [Note] InnoDB: Initializing buffer pool, size = 128.0M
2015-01-02 15:07:29 1404 [Note] InnoDB: Completed initialization of buffer pool
2015-01-02 15:07:29 1404 [Note] InnoDB: Highest supported file format is Barracuda.
2015-01-02 15:07:29 1404 [Note] InnoDB: The log sequence numbers 1626134 and 1626134 in ibdata files do not match the log sequence number 2194326 in the ib_logfiles!
2015-01-02 15:07:29 1404 [Note] InnoDB: Database was not shutdown normally!
2015-01-02 15:07:29 1404 [Note] InnoDB: Starting crash recovery.
2015-01-02 15:07:29 1404 [Note] InnoDB: Reading tablespace information from the .ibd files...
2015-01-02 15:07:30 1404 [Note] InnoDB: Restoring possible half-written data pages 
2015-01-02 15:07:30 1404 [Note] InnoDB: from the doublewrite buffer...
2015-01-02 15:07:32 1404 [Note] InnoDB: 128 rollback segment(s) are active.
2015-01-02 15:07:32 1404 [Note] InnoDB: Waiting for purge to start
2015-01-02 15:07:32 1404 [Note] InnoDB: 5.6.13 started; log sequence number 2194326
2015-01-02 15:07:32 1404 [Note] Server hostname (bind-address): '*'; port: 3307
2015-01-02 15:07:32 1404 [Note] IPv6 is available.
2015-01-02 15:07:32 1404 [Note]   - '::' resolves to '::';
2015-01-02 15:07:32 1404 [Note] Server socket created on IP: '::'.
2015-01-02 15:07:33 1404 [Note] Event Scheduler: Loaded 0 events
2015-01-02 15:07:33 1404 [Note] C:\Users\dell\Desktop\New folder/mysql/bin/mysqld_usbwv8.exe: ready for connections.
Version: '5.6.13'  socket: ''  port: 3307  MySQL Community Server (GPL)
2015-01-02 16:29:52 4656 [Note] Plugin 'FEDERATED' is disabled.
2015-01-02 16:29:52 4656 [Note] InnoDB: The InnoDB memory heap is disabled
2015-01-02 16:29:52 4656 [Note] InnoDB: Mutexes and rw_locks use Windows interlocked functions
2015-01-02 16:29:52 4656 [Note] InnoDB: Compressed tables use zlib 1.2.3
2015-01-02 16:29:52 4656 [Note] InnoDB: Not using CPU crc32 instructions
2015-01-02 16:29:52 4656 [Note] InnoDB: Initializing buffer pool, size = 128.0M
2015-01-02 16:29:52 4656 [Note] InnoDB: Completed initialization of buffer pool
2015-01-02 16:29:52 4656 [Note] InnoDB: Highest supported file format is Barracuda.
2015-01-02 16:29:52 4656 [Note] InnoDB: The log sequence numbers 1626134 and 1626134 in ibdata files do not match the log sequence number 2399262 in the ib_logfiles!
2015-01-02 16:29:52 4656 [Note] InnoDB: Database was not shutdown normally!
2015-01-02 16:29:52 4656 [Note] InnoDB: Starting crash recovery.
2015-01-02 16:29:52 4656 [Note] InnoDB: Reading tablespace information from the .ibd files...
2015-01-02 16:29:53 4656 [Note] InnoDB: Restoring possible half-written data pages 
2015-01-02 16:29:53 4656 [Note] InnoDB: from the doublewrite buffer...
2015-01-02 16:29:54 4656 [Note] InnoDB: 128 rollback segment(s) are active.
2015-01-02 16:29:54 4656 [Note] InnoDB: Waiting for purge to start
2015-01-02 16:29:54 4656 [Note] InnoDB: 5.6.13 started; log sequence number 2399262
2015-01-02 16:29:54 4656 [Note] Server hostname (bind-address): '*'; port: 3307
2015-01-02 16:29:54 4656 [Note] IPv6 is available.
2015-01-02 16:29:54 4656 [Note]   - '::' resolves to '::';
2015-01-02 16:29:54 4656 [Note] Server socket created on IP: '::'.
2015-01-02 16:29:59 4656 [Note] Event Scheduler: Loaded 0 events
2015-01-02 16:29:59 4656 [Note] C:\Users\dell\Desktop\New folder/mysql/bin/mysqld_usbwv8.exe: ready for connections.
Version: '5.6.13'  socket: ''  port: 3307  MySQL Community Server (GPL)
2015-01-02 16:52:29 4056 [Note] Plugin 'FEDERATED' is disabled.
2015-01-02 16:52:30 4056 [Note] InnoDB: The InnoDB memory heap is disabled
2015-01-02 16:52:30 4056 [Note] InnoDB: Mutexes and rw_locks use Windows interlocked functions
2015-01-02 16:52:30 4056 [Note] InnoDB: Compressed tables use zlib 1.2.3
2015-01-02 16:52:30 4056 [Note] InnoDB: Not using CPU crc32 instructions
2015-01-02 16:52:30 4056 [Note] InnoDB: Initializing buffer pool, size = 128.0M
2015-01-02 16:52:30 4056 [Note] InnoDB: Completed initialization of buffer pool
2015-01-02 16:52:30 4056 [Note] InnoDB: Highest supported file format is Barracuda.
2015-01-02 16:52:30 4056 [Note] InnoDB: The log sequence numbers 1626134 and 1626134 in ibdata files do not match the log sequence number 2399272 in the ib_logfiles!
2015-01-02 16:52:30 4056 [Note] InnoDB: Database was not shutdown normally!
2015-01-02 16:52:30 4056 [Note] InnoDB: Starting crash recovery.
2015-01-02 16:52:30 4056 [Note] InnoDB: Reading tablespace information from the .ibd files...
2015-01-02 16:52:32 4056 [Note] InnoDB: Restoring possible half-written data pages 
2015-01-02 16:52:32 4056 [Note] InnoDB: from the doublewrite buffer...
2015-01-02 16:52:36 4056 [Note] InnoDB: 128 rollback segment(s) are active.
2015-01-02 16:52:36 4056 [Note] InnoDB: Waiting for purge to start
2015-01-02 16:52:36 4056 [Note] InnoDB: 5.6.13 started; log sequence number 2399272
2015-01-02 16:52:36 4056 [Note] Server hostname (bind-address): '*'; port: 3307
2015-01-02 16:52:36 4056 [Note] IPv6 is available.
2015-01-02 16:52:36 4056 [Note]   - '::' resolves to '::';
2015-01-02 16:52:36 4056 [Note] Server socket created on IP: '::'.
2015-01-02 16:52:39 4056 [Note] Event Scheduler: Loaded 0 events
2015-01-02 16:52:39 4056 [Note] C:\Users\dell\Desktop\New folder/mysql/bin/mysqld_usbwv8.exe: ready for connections.
Version: '5.6.13'  socket: ''  port: 3307  MySQL Community Server (GPL)
2015-01-03 20:45:38 3592 [Note] Plugin 'FEDERATED' is disabled.
2015-01-03 20:45:39 3592 [Note] InnoDB: The InnoDB memory heap is disabled
2015-01-03 20:45:39 3592 [Note] InnoDB: Mutexes and rw_locks use Windows interlocked functions
2015-01-03 20:45:39 3592 [Note] InnoDB: Compressed tables use zlib 1.2.3
2015-01-03 20:45:39 3592 [Note] InnoDB: Not using CPU crc32 instructions
2015-01-03 20:45:45 3592 [Note] InnoDB: Initializing buffer pool, size = 128.0M
2015-01-03 20:45:45 3592 [Note] InnoDB: Completed initialization of buffer pool
2015-01-03 20:45:45 3592 [Note] InnoDB: Highest supported file format is Barracuda.
2015-01-03 20:45:45 3592 [Note] InnoDB: The log sequence numbers 1626134 and 1626134 in ibdata files do not match the log sequence number 2399282 in the ib_logfiles!
2015-01-03 20:45:45 3592 [Note] InnoDB: Database was not shutdown normally!
2015-01-03 20:45:45 3592 [Note] InnoDB: Starting crash recovery.
2015-01-03 20:45:45 3592 [Note] InnoDB: Reading tablespace information from the .ibd files...
2015-01-03 20:45:47 3592 [Note] InnoDB: Restoring possible half-written data pages 
2015-01-03 20:45:47 3592 [Note] InnoDB: from the doublewrite buffer...
2015-01-03 20:46:00 3592 [Note] InnoDB: 128 rollback segment(s) are active.
2015-01-03 20:46:01 3592 [Note] InnoDB: Waiting for purge to start
2015-01-03 20:46:01 3592 [Note] InnoDB: 5.6.13 started; log sequence number 2399282
2015-01-03 20:46:01 3592 [Note] Server hostname (bind-address): '*'; port: 3307
2015-01-03 20:46:01 3592 [Note] IPv6 is available.
2015-01-03 20:46:01 3592 [Note]   - '::' resolves to '::';
2015-01-03 20:46:01 3592 [Note] Server socket created on IP: '::'.
2015-01-03 20:46:21 3592 [Note] Event Scheduler: Loaded 0 events
2015-01-03 20:46:21 3592 [Note] C:\Users\dell\Desktop\New folder/mysql/bin/mysqld_usbwv8.exe: ready for connections.
Version: '5.6.13'  socket: ''  port: 3307  MySQL Community Server (GPL)
2015-01-04 21:09:47 3628 [Note] Plugin 'FEDERATED' is disabled.
2015-01-04 21:09:48 3628 [Note] InnoDB: The InnoDB memory heap is disabled
2015-01-04 21:09:48 3628 [Note] InnoDB: Mutexes and rw_locks use Windows interlocked functions
2015-01-04 21:09:48 3628 [Note] InnoDB: Compressed tables use zlib 1.2.3
2015-01-04 21:09:48 3628 [Note] InnoDB: Not using CPU crc32 instructions
2015-01-04 21:09:48 3628 [Note] InnoDB: Initializing buffer pool, size = 128.0M
2015-01-04 21:09:48 3628 [Note] InnoDB: Completed initialization of buffer pool
2015-01-04 21:09:48 3628 [Note] InnoDB: Highest supported file format is Barracuda.
2015-01-04 21:09:48 3628 [Note] InnoDB: The log sequence numbers 1626134 and 1626134 in ibdata files do not match the log sequence number 2399292 in the ib_logfiles!
2015-01-04 21:09:48 3628 [Note] InnoDB: Database was not shutdown normally!
2015-01-04 21:09:48 3628 [Note] InnoDB: Starting crash recovery.
2015-01-04 21:09:48 3628 [Note] InnoDB: Reading tablespace information from the .ibd files...
2015-01-04 21:09:49 3628 [Note] InnoDB: Restoring possible half-written data pages 
2015-01-04 21:09:49 3628 [Note] InnoDB: from the doublewrite buffer...
2015-01-04 21:09:52 3628 [Note] InnoDB: 128 rollback segment(s) are active.
2015-01-04 21:09:52 3628 [Note] InnoDB: Waiting for purge to start
2015-01-04 21:09:52 3628 [Note] InnoDB: 5.6.13 started; log sequence number 2399292
2015-01-04 21:09:52 3628 [Note] Server hostname (bind-address): '*'; port: 3307
2015-01-04 21:09:52 3628 [Note] IPv6 is available.
2015-01-04 21:09:52 3628 [Note]   - '::' resolves to '::';
2015-01-04 21:09:52 3628 [Note] Server socket created on IP: '::'.
2015-01-04 21:09:58 3628 [Note] Event Scheduler: Loaded 0 events
2015-01-04 21:09:58 3628 [Note] C:\Users\dell\Desktop\New folder/mysql/bin/mysqld_usbwv8.exe: ready for connections.
Version: '5.6.13'  socket: ''  port: 3307  MySQL Community Server (GPL)
2015-01-05 15:15:28 2824 [Note] Plugin 'FEDERATED' is disabled.
2015-01-05 15:15:29 2824 [Note] InnoDB: The InnoDB memory heap is disabled
2015-01-05 15:15:29 2824 [Note] InnoDB: Mutexes and rw_locks use Windows interlocked functions
2015-01-05 15:15:29 2824 [Note] InnoDB: Compressed tables use zlib 1.2.3
2015-01-05 15:15:29 2824 [Note] InnoDB: Not using CPU crc32 instructions
2015-01-05 15:15:29 2824 [Note] InnoDB: Initializing buffer pool, size = 128.0M
2015-01-05 15:15:29 2824 [Note] InnoDB: Completed initialization of buffer pool
2015-01-05 15:15:30 2824 [Note] InnoDB: Highest supported file format is Barracuda.
2015-01-05 15:15:30 2824 [Note] InnoDB: The log sequence numbers 1626134 and 1626134 in ibdata files do not match the log sequence number 2633518 in the ib_logfiles!
2015-01-05 15:15:30 2824 [Note] InnoDB: Database was not shutdown normally!
2015-01-05 15:15:30 2824 [Note] InnoDB: Starting crash recovery.
2015-01-05 15:15:30 2824 [Note] InnoDB: Reading tablespace information from the .ibd files...
2015-01-05 15:15:33 2824 [Note] InnoDB: Restoring possible half-written data pages 
2015-01-05 15:15:33 2824 [Note] InnoDB: from the doublewrite buffer...
2015-01-05 15:15:43 2824 [Note] InnoDB: 128 rollback segment(s) are active.
2015-01-05 15:15:43 2824 [Note] InnoDB: Waiting for purge to start
2015-01-05 15:15:43 2824 [Note] InnoDB: 5.6.13 started; log sequence number 2633518
2015-01-05 15:15:44 2824 [Note] Server hostname (bind-address): '*'; port: 3307
2015-01-05 15:15:44 2824 [Note] IPv6 is available.
2015-01-05 15:15:44 2824 [Note]   - '::' resolves to '::';
2015-01-05 15:15:44 2824 [Note] Server socket created on IP: '::'.
2015-01-05 15:15:57 2824 [Note] Event Scheduler: Loaded 0 events
2015-01-05 15:15:57 2824 [Note] C:\Users\dell\Desktop\New folder/mysql/bin/mysqld_usbwv8.exe: ready for connections.
Version: '5.6.13'  socket: ''  port: 3307  MySQL Community Server (GPL)
2015-01-05 18:44:28 4360 [Note] Plugin 'FEDERATED' is disabled.
2015-01-05 18:44:30 4360 [Note] InnoDB: The InnoDB memory heap is disabled
2015-01-05 18:44:30 4360 [Note] InnoDB: Mutexes and rw_locks use Windows interlocked functions
2015-01-05 18:44:30 4360 [Note] InnoDB: Compressed tables use zlib 1.2.3
2015-01-05 18:44:30 4360 [Note] InnoDB: Not using CPU crc32 instructions
2015-01-05 18:44:30 4360 [Note] InnoDB: Initializing buffer pool, size = 128.0M
2015-01-05 18:44:30 4360 [Note] InnoDB: Completed initialization of buffer pool
2015-01-05 18:44:31 4360 [Note] InnoDB: Highest supported file format is Barracuda.
2015-01-05 18:44:31 4360 [Note] InnoDB: The log sequence numbers 1626134 and 1626134 in ibdata files do not match the log sequence number 2670933 in the ib_logfiles!
2015-01-05 18:44:31 4360 [Note] InnoDB: Database was not shutdown normally!
2015-01-05 18:44:31 4360 [Note] InnoDB: Starting crash recovery.
2015-01-05 18:44:31 4360 [Note] InnoDB: Reading tablespace information from the .ibd files...
2015-01-05 18:44:35 4360 [Note] InnoDB: Restoring possible half-written data pages 
2015-01-05 18:44:35 4360 [Note] InnoDB: from the doublewrite buffer...
2015-01-05 18:44:40 4360 [Note] InnoDB: 128 rollback segment(s) are active.
2015-01-05 18:44:40 4360 [Note] InnoDB: Waiting for purge to start
2015-01-05 18:44:40 4360 [Note] InnoDB: 5.6.13 started; log sequence number 2670933
2015-01-05 18:44:40 4360 [Note] Server hostname (bind-address): '*'; port: 3307
2015-01-05 18:44:40 4360 [Note] IPv6 is available.
2015-01-05 18:44:40 4360 [Note]   - '::' resolves to '::';
2015-01-05 18:44:40 4360 [Note] Server socket created on IP: '::'.
2015-01-05 18:44:47 4360 [Note] Event Scheduler: Loaded 0 events
2015-01-05 18:44:47 4360 [Note] C:\Users\dell\Desktop\New folder/mysql/bin/mysqld_usbwv8.exe: ready for connections.
Version: '5.6.13'  socket: ''  port: 3307  MySQL Community Server (GPL)
2015-01-05 20:51:00 4092 [Note] Plugin 'FEDERATED' is disabled.
2015-01-05 20:51:02 4092 [Note] InnoDB: The InnoDB memory heap is disabled
2015-01-05 20:51:02 4092 [Note] InnoDB: Mutexes and rw_locks use Windows interlocked functions
2015-01-05 20:51:02 4092 [Note] InnoDB: Compressed tables use zlib 1.2.3
2015-01-05 20:51:02 4092 [Note] InnoDB: Not using CPU crc32 instructions
2015-01-05 20:51:12 4092 [Note] InnoDB: Initializing buffer pool, size = 128.0M
2015-01-05 20:51:12 4092 [Note] InnoDB: Completed initialization of buffer pool
2015-01-05 20:51:12 4092 [Note] InnoDB: Highest supported file format is Barracuda.
2015-01-05 20:51:12 4092 [Note] InnoDB: The log sequence numbers 1626134 and 1626134 in ibdata files do not match the log sequence number 2671520 in the ib_logfiles!
2015-01-05 20:51:12 4092 [Note] InnoDB: Database was not shutdown normally!
2015-01-05 20:51:12 4092 [Note] InnoDB: Starting crash recovery.
2015-01-05 20:51:12 4092 [Note] InnoDB: Reading tablespace information from the .ibd files...
2015-01-05 20:51:14 4092 [Note] InnoDB: Restoring possible half-written data pages 
2015-01-05 20:51:14 4092 [Note] InnoDB: from the doublewrite buffer...
2015-01-05 20:51:28 4092 [Note] InnoDB: 128 rollback segment(s) are active.
2015-01-05 20:51:29 4092 [Note] InnoDB: Waiting for purge to start
2015-01-05 20:51:29 4092 [Note] InnoDB: 5.6.13 started; log sequence number 2671520
2015-01-05 20:51:29 4092 [Note] Server hostname (bind-address): '*'; port: 3307
2015-01-05 20:51:29 4092 [Note] IPv6 is available.
2015-01-05 20:51:29 4092 [Note]   - '::' resolves to '::';
2015-01-05 20:51:29 4092 [Note] Server socket created on IP: '::'.
2015-01-05 20:51:38 4092 [Note] Event Scheduler: Loaded 0 events
2015-01-05 20:51:38 4092 [Note] C:\Users\dell\Desktop\New folder/mysql/bin/mysqld_usbwv8.exe: ready for connections.
Version: '5.6.13'  socket: ''  port: 3307  MySQL Community Server (GPL)
2015-01-05 23:24:30 2076 [Note] Plugin 'FEDERATED' is disabled.
2015-01-05 23:24:33 2076 [Note] InnoDB: The InnoDB memory heap is disabled
2015-01-05 23:24:33 2076 [Note] InnoDB: Mutexes and rw_locks use Windows interlocked functions
2015-01-05 23:24:33 2076 [Note] InnoDB: Compressed tables use zlib 1.2.3
2015-01-05 23:24:33 2076 [Note] InnoDB: Not using CPU crc32 instructions
2015-01-05 23:24:38 2076 [Note] InnoDB: Initializing buffer pool, size = 128.0M
2015-01-05 23:24:38 2076 [Note] InnoDB: Completed initialization of buffer pool
2015-01-05 23:24:38 2076 [Note] InnoDB: Highest supported file format is Barracuda.
2015-01-05 23:24:38 2076 [Note] InnoDB: The log sequence numbers 1626134 and 1626134 in ibdata files do not match the log sequence number 2779986 in the ib_logfiles!
2015-01-05 23:24:38 2076 [Note] InnoDB: Database was not shutdown normally!
2015-01-05 23:24:38 2076 [Note] InnoDB: Starting crash recovery.
2015-01-05 23:24:38 2076 [Note] InnoDB: Reading tablespace information from the .ibd files...
2015-01-05 23:24:40 2076 [Note] InnoDB: Restoring possible half-written data pages 
2015-01-05 23:24:40 2076 [Note] InnoDB: from the doublewrite buffer...
2015-01-05 23:24:46 2076 [Note] InnoDB: 128 rollback segment(s) are active.
2015-01-05 23:24:46 2076 [Note] InnoDB: Waiting for purge to start
2015-01-05 23:24:46 2076 [Note] InnoDB: 5.6.13 started; log sequence number 2779986
2015-01-05 23:24:47 2076 [Note] Server hostname (bind-address): '*'; port: 3307
2015-01-05 23:24:47 2076 [Note] IPv6 is available.
2015-01-05 23:24:47 2076 [Note]   - '::' resolves to '::';
2015-01-05 23:24:47 2076 [Note] Server socket created on IP: '::'.
2015-01-05 23:24:50 2076 [Note] Event Scheduler: Loaded 0 events
2015-01-05 23:24:50 2076 [Note] C:\Users\dell\Desktop\New folder/mysql/bin/mysqld_usbwv8.exe: ready for connections.
Version: '5.6.13'  socket: ''  port: 3307  MySQL Community Server (GPL)
2015-01-06 00:34:56 2460 [Note] Plugin 'FEDERATED' is disabled.
2015-01-06 00:34:57 2460 [Note] InnoDB: The InnoDB memory heap is disabled
2015-01-06 00:34:57 2460 [Note] InnoDB: Mutexes and rw_locks use Windows interlocked functions
2015-01-06 00:34:57 2460 [Note] InnoDB: Compressed tables use zlib 1.2.3
2015-01-06 00:34:58 2460 [Note] InnoDB: Not using CPU crc32 instructions
2015-01-06 00:34:58 2460 [Note] InnoDB: Initializing buffer pool, size = 128.0M
2015-01-06 00:34:58 2460 [Note] InnoDB: Completed initialization of buffer pool
2015-01-06 00:34:58 2460 [Note] InnoDB: Highest supported file format is Barracuda.
2015-01-06 00:34:58 2460 [Note] InnoDB: The log sequence numbers 1626134 and 1626134 in ibdata files do not match the log sequence number 2783966 in the ib_logfiles!
2015-01-06 00:34:58 2460 [Note] InnoDB: Database was not shutdown normally!
2015-01-06 00:34:58 2460 [Note] InnoDB: Starting crash recovery.
2015-01-06 00:34:58 2460 [Note] InnoDB: Reading tablespace information from the .ibd files...
2015-01-06 00:34:59 2460 [Note] InnoDB: Restoring possible half-written data pages 
2015-01-06 00:34:59 2460 [Note] InnoDB: from the doublewrite buffer...
2015-01-06 00:35:05 2460 [Note] InnoDB: 128 rollback segment(s) are active.
2015-01-06 00:35:05 2460 [Note] InnoDB: Waiting for purge to start
2015-01-06 00:35:05 2460 [Note] InnoDB: 5.6.13 started; log sequence number 2783966
2015-01-06 00:35:06 2460 [Note] Server hostname (bind-address): '*'; port: 3307
2015-01-06 00:35:06 2460 [Note] IPv6 is available.
2015-01-06 00:35:06 2460 [Note]   - '::' resolves to '::';
2015-01-06 00:35:06 2460 [Note] Server socket created on IP: '::'.
2015-01-06 00:35:19 2460 [Note] Event Scheduler: Loaded 0 events
2015-01-06 00:35:19 2460 [Note] C:\Users\dell\Desktop\New folder/mysql/bin/mysqld_usbwv8.exe: ready for connections.
Version: '5.6.13'  socket: ''  port: 3307  MySQL Community Server (GPL)
2015-01-06 06:00:32 4016 [Note] Plugin 'FEDERATED' is disabled.
2015-01-06 06:00:34 4016 [Note] InnoDB: The InnoDB memory heap is disabled
2015-01-06 06:00:34 4016 [Note] InnoDB: Mutexes and rw_locks use Windows interlocked functions
2015-01-06 06:00:34 4016 [Note] InnoDB: Compressed tables use zlib 1.2.3
2015-01-06 06:00:35 4016 [Note] InnoDB: Not using CPU crc32 instructions
2015-01-06 06:00:35 4016 [Note] InnoDB: Initializing buffer pool, size = 128.0M
2015-01-06 06:00:35 4016 [Note] InnoDB: Completed initialization of buffer pool
2015-01-06 06:00:36 4016 [Note] InnoDB: Highest supported file format is Barracuda.
2015-01-06 06:00:36 4016 [Note] InnoDB: The log sequence numbers 1626134 and 1626134 in ibdata files do not match the log sequence number 2853137 in the ib_logfiles!
2015-01-06 06:00:36 4016 [Note] InnoDB: Database was not shutdown normally!
2015-01-06 06:00:36 4016 [Note] InnoDB: Starting crash recovery.
2015-01-06 06:00:36 4016 [Note] InnoDB: Reading tablespace information from the .ibd files...
2015-01-06 06:00:39 4016 [Note] InnoDB: Restoring possible half-written data pages 
2015-01-06 06:00:39 4016 [Note] InnoDB: from the doublewrite buffer...
2015-01-06 06:01:01 4016 [Note] InnoDB: 128 rollback segment(s) are active.
2015-01-06 06:01:01 4016 [Note] InnoDB: Waiting for purge to start
2015-01-06 06:01:01 4016 [Note] InnoDB: 5.6.13 started; log sequence number 2853137
2015-01-06 06:01:03 4016 [Note] Server hostname (bind-address): '*'; port: 3307
2015-01-06 06:01:03 4016 [Note] IPv6 is available.
2015-01-06 06:01:03 4016 [Note]   - '::' resolves to '::';
2015-01-06 06:01:03 4016 [Note] Server socket created on IP: '::'.
2015-01-06 06:01:19 4016 [Note] Event Scheduler: Loaded 0 events
2015-01-06 06:01:19 4016 [Note] C:\Users\dell\Desktop\New folder/mysql/bin/mysqld_usbwv8.exe: ready for connections.
Version: '5.6.13'  socket: ''  port: 3307  MySQL Community Server (GPL)
2015-01-06 07:48:33 4552 [Note] Plugin 'FEDERATED' is disabled.
2015-01-06 07:48:33 4552 [Note] InnoDB: The InnoDB memory heap is disabled
2015-01-06 07:48:33 4552 [Note] InnoDB: Mutexes and rw_locks use Windows interlocked functions
2015-01-06 07:48:33 4552 [Note] InnoDB: Compressed tables use zlib 1.2.3
2015-01-06 07:48:33 4552 [Note] InnoDB: Not using CPU crc32 instructions
2015-01-06 07:48:33 4552 [Note] InnoDB: Initializing buffer pool, size = 128.0M
2015-01-06 07:48:33 4552 [Note] InnoDB: Completed initialization of buffer pool
2015-01-06 07:48:33 4552 [Note] InnoDB: Highest supported file format is Barracuda.
2015-01-06 07:48:33 4552 [Note] InnoDB: The log sequence numbers 1626134 and 1626134 in ibdata files do not match the log sequence number 2869072 in the ib_logfiles!
2015-01-06 07:48:33 4552 [Note] InnoDB: Database was not shutdown normally!
2015-01-06 07:48:33 4552 [Note] InnoDB: Starting crash recovery.
2015-01-06 07:48:33 4552 [Note] InnoDB: Reading tablespace information from the .ibd files...
2015-01-06 07:48:34 4552 [Note] InnoDB: Restoring possible half-written data pages 
2015-01-06 07:48:34 4552 [Note] InnoDB: from the doublewrite buffer...
2015-01-06 07:48:36 4552 [Note] InnoDB: 128 rollback segment(s) are active.
2015-01-06 07:48:36 4552 [Note] InnoDB: Waiting for purge to start
2015-01-06 07:48:36 4552 [Note] InnoDB: 5.6.13 started; log sequence number 2869072
2015-01-06 07:48:36 4552 [Note] Server hostname (bind-address): '*'; port: 3307
2015-01-06 07:48:36 4552 [Note] IPv6 is available.
2015-01-06 07:48:36 4552 [Note]   - '::' resolves to '::';
2015-01-06 07:48:36 4552 [Note] Server socket created on IP: '::'.
2015-01-06 15:24:46 2188 [Note] Plugin 'FEDERATED' is disabled.
2015-01-06 15:24:46 2188 [Note] InnoDB: The InnoDB memory heap is disabled
2015-01-06 15:24:46 2188 [Note] InnoDB: Mutexes and rw_locks use Windows interlocked functions
2015-01-06 15:24:46 2188 [Note] InnoDB: Compressed tables use zlib 1.2.3
2015-01-06 15:24:47 2188 [Note] InnoDB: Not using CPU crc32 instructions
2015-01-06 15:24:47 2188 [Note] InnoDB: Initializing buffer pool, size = 128.0M
2015-01-06 15:24:47 2188 [Note] InnoDB: Completed initialization of buffer pool
2015-01-06 15:24:47 2188 [Note] InnoDB: Highest supported file format is Barracuda.
2015-01-06 15:24:47 2188 [Note] InnoDB: The log sequence numbers 1626134 and 1626134 in ibdata files do not match the log sequence number 2869082 in the ib_logfiles!
2015-01-06 15:24:47 2188 [Note] InnoDB: Database was not shutdown normally!
2015-01-06 15:24:47 2188 [Note] InnoDB: Starting crash recovery.
2015-01-06 15:24:47 2188 [Note] InnoDB: Reading tablespace information from the .ibd files...
2015-01-06 15:24:49 2188 [Note] InnoDB: Restoring possible half-written data pages 
2015-01-06 15:24:49 2188 [Note] InnoDB: from the doublewrite buffer...
2015-01-06 15:24:52 2188 [Note] InnoDB: 128 rollback segment(s) are active.
2015-01-06 15:24:52 2188 [Note] InnoDB: Waiting for purge to start
2015-01-06 15:24:52 2188 [Note] InnoDB: 5.6.13 started; log sequence number 2869082
2015-01-06 15:24:52 2188 [Note] Server hostname (bind-address): '*'; port: 3307
2015-01-06 15:24:52 2188 [Note] IPv6 is available.
2015-01-06 15:24:52 2188 [Note]   - '::' resolves to '::';
2015-01-06 15:24:52 2188 [Note] Server socket created on IP: '::'.
2015-01-06 15:25:03 2188 [Note] Event Scheduler: Loaded 0 events
2015-01-06 15:25:03 2188 [Note] C:\Users\dell\Desktop\New folder/mysql/bin/mysqld_usbwv8.exe: ready for connections.
Version: '5.6.13'  socket: ''  port: 3307  MySQL Community Server (GPL)
2015-01-06 18:16:06 3088 [Note] Plugin 'FEDERATED' is disabled.
2015-01-06 18:16:06 3088 [Note] InnoDB: The InnoDB memory heap is disabled
2015-01-06 18:16:06 3088 [Note] InnoDB: Mutexes and rw_locks use Windows interlocked functions
2015-01-06 18:16:06 3088 [Note] InnoDB: Compressed tables use zlib 1.2.3
2015-01-06 18:16:06 3088 [Note] InnoDB: Not using CPU crc32 instructions
2015-01-06 18:16:06 3088 [Note] InnoDB: Initializing buffer pool, size = 128.0M
2015-01-06 18:16:07 3088 [Note] InnoDB: Completed initialization of buffer pool
2015-01-06 18:16:07 3088 [Note] InnoDB: Highest supported file format is Barracuda.
2015-01-06 18:16:07 3088 [Note] InnoDB: The log sequence numbers 1626134 and 1626134 in ibdata files do not match the log sequence number 2873875 in the ib_logfiles!
2015-01-06 18:16:07 3088 [Note] InnoDB: Database was not shutdown normally!
2015-01-06 18:16:07 3088 [Note] InnoDB: Starting crash recovery.
2015-01-06 18:16:07 3088 [Note] InnoDB: Reading tablespace information from the .ibd files...
2015-01-06 18:16:08 3088 [Note] InnoDB: Restoring possible half-written data pages 
2015-01-06 18:16:08 3088 [Note] InnoDB: from the doublewrite buffer...
2015-01-06 18:16:11 3088 [Note] InnoDB: 128 rollback segment(s) are active.
2015-01-06 18:16:11 3088 [Note] InnoDB: Waiting for purge to start
2015-01-06 18:16:11 3088 [Note] InnoDB: 5.6.13 started; log sequence number 2873875
2015-01-06 18:16:11 3088 [Note] Server hostname (bind-address): '*'; port: 3307
2015-01-06 18:16:11 3088 [Note] IPv6 is available.
2015-01-06 18:16:11 3088 [Note]   - '::' resolves to '::';
2015-01-06 18:16:11 3088 [Note] Server socket created on IP: '::'.
2015-01-06 18:16:17 3088 [Note] Event Scheduler: Loaded 0 events
2015-01-06 18:16:17 3088 [Note] C:\Users\dell\Desktop\New folder/mysql/bin/mysqld_usbwv8.exe: ready for connections.
Version: '5.6.13'  socket: ''  port: 3307  MySQL Community Server (GPL)
2015-01-06 19:15:12 3532 [Note] Plugin 'FEDERATED' is disabled.
2015-01-06 19:15:14 3532 [Note] InnoDB: The InnoDB memory heap is disabled
2015-01-06 19:15:14 3532 [Note] InnoDB: Mutexes and rw_locks use Windows interlocked functions
2015-01-06 19:15:14 3532 [Note] InnoDB: Compressed tables use zlib 1.2.3
2015-01-06 19:15:14 3532 [Note] InnoDB: Not using CPU crc32 instructions
2015-01-06 19:15:14 3532 [Note] InnoDB: Initializing buffer pool, size = 128.0M
2015-01-06 19:15:14 3532 [Note] InnoDB: Completed initialization of buffer pool
2015-01-06 19:15:15 3532 [Note] InnoDB: Highest supported file format is Barracuda.
2015-01-06 19:15:15 3532 [Note] InnoDB: The log sequence numbers 1626134 and 1626134 in ibdata files do not match the log sequence number 2874088 in the ib_logfiles!
2015-01-06 19:15:15 3532 [Note] InnoDB: Database was not shutdown normally!
2015-01-06 19:15:15 3532 [Note] InnoDB: Starting crash recovery.
2015-01-06 19:15:15 3532 [Note] InnoDB: Reading tablespace information from the .ibd files...
2015-01-06 19:15:16 3532 [Note] InnoDB: Restoring possible half-written data pages 
2015-01-06 19:15:16 3532 [Note] InnoDB: from the doublewrite buffer...
2015-01-06 19:15:23 3532 [Note] InnoDB: 128 rollback segment(s) are active.
2015-01-06 19:15:23 3532 [Note] InnoDB: Waiting for purge to start
2015-01-06 19:15:23 3532 [Note] InnoDB: 5.6.13 started; log sequence number 2874088
2015-01-06 19:15:23 3532 [Note] Server hostname (bind-address): '*'; port: 3307
2015-01-06 19:15:23 3532 [Note] IPv6 is available.
2015-01-06 19:15:23 3532 [Note]   - '::' resolves to '::';
2015-01-06 19:15:23 3532 [Note] Server socket created on IP: '::'.
2015-01-06 19:15:35 3532 [Note] Event Scheduler: Loaded 0 events
2015-01-06 19:15:36 3532 [Note] C:\Users\dell\Desktop\New folder/mysql/bin/mysqld_usbwv8.exe: ready for connections.
Version: '5.6.13'  socket: ''  port: 3307  MySQL Community Server (GPL)
2015-01-06 20:10:26 2780 [Note] Plugin 'FEDERATED' is disabled.
2015-01-06 20:10:27 2780 [Note] InnoDB: The InnoDB memory heap is disabled
2015-01-06 20:10:27 2780 [Note] InnoDB: Mutexes and rw_locks use Windows interlocked functions
2015-01-06 20:10:27 2780 [Note] InnoDB: Compressed tables use zlib 1.2.3
2015-01-06 20:10:27 2780 [Note] InnoDB: Not using CPU crc32 instructions
2015-01-06 20:10:27 2780 [Note] InnoDB: Initializing buffer pool, size = 128.0M
2015-01-06 20:10:27 2780 [Note] InnoDB: Completed initialization of buffer pool
2015-01-06 20:10:28 2780 [Note] InnoDB: Highest supported file format is Barracuda.
2015-01-06 20:10:28 2780 [Note] InnoDB: The log sequence numbers 1626134 and 1626134 in ibdata files do not match the log sequence number 2898371 in the ib_logfiles!
2015-01-06 20:10:28 2780 [Note] InnoDB: Database was not shutdown normally!
2015-01-06 20:10:28 2780 [Note] InnoDB: Starting crash recovery.
2015-01-06 20:10:28 2780 [Note] InnoDB: Reading tablespace information from the .ibd files...
2015-01-06 20:10:29 2780 [Note] InnoDB: Restoring possible half-written data pages 
2015-01-06 20:10:29 2780 [Note] InnoDB: from the doublewrite buffer...
2015-01-06 20:10:34 2780 [Note] InnoDB: 128 rollback segment(s) are active.
2015-01-06 20:10:34 2780 [Note] InnoDB: Waiting for purge to start
2015-01-06 20:10:35 2780 [Note] InnoDB: 5.6.13 started; log sequence number 2898371
2015-01-06 20:10:35 2780 [Note] Server hostname (bind-address): '*'; port: 3307
2015-01-06 20:10:35 2780 [Note] IPv6 is available.
2015-01-06 20:10:35 2780 [Note]   - '::' resolves to '::';
2015-01-06 20:10:35 2780 [Note] Server socket created on IP: '::'.
2015-01-06 20:10:40 2780 [Note] Event Scheduler: Loaded 0 events
2015-01-06 20:10:40 2780 [Note] C:\Users\dell\Desktop\New folder/mysql/bin/mysqld_usbwv8.exe: ready for connections.
Version: '5.6.13'  socket: ''  port: 3307  MySQL Community Server (GPL)
2015-01-07 00:32:11 3772 [Note] Plugin 'FEDERATED' is disabled.
2015-01-07 00:32:12 3772 [Note] InnoDB: The InnoDB memory heap is disabled
2015-01-07 00:32:12 3772 [Note] InnoDB: Mutexes and rw_locks use Windows interlocked functions
2015-01-07 00:32:12 3772 [Note] InnoDB: Compressed tables use zlib 1.2.3
2015-01-07 00:32:12 3772 [Note] InnoDB: Not using CPU crc32 instructions
2015-01-07 00:32:13 3772 [Note] InnoDB: Initializing buffer pool, size = 128.0M
2015-01-07 00:32:13 3772 [Note] InnoDB: Completed initialization of buffer pool
2015-01-07 00:32:13 3772 [Note] InnoDB: Highest supported file format is Barracuda.
2015-01-07 00:32:13 3772 [Note] InnoDB: The log sequence numbers 1626134 and 1626134 in ibdata files do not match the log sequence number 2905379 in the ib_logfiles!
2015-01-07 00:32:13 3772 [Note] InnoDB: Database was not shutdown normally!
2015-01-07 00:32:13 3772 [Note] InnoDB: Starting crash recovery.
2015-01-07 00:32:13 3772 [Note] InnoDB: Reading tablespace information from the .ibd files...
2015-01-07 00:32:15 3772 [Note] InnoDB: Restoring possible half-written data pages 
2015-01-07 00:32:15 3772 [Note] InnoDB: from the doublewrite buffer...
2015-01-07 00:32:19 3772 [Note] InnoDB: 128 rollback segment(s) are active.
2015-01-07 00:32:19 3772 [Note] InnoDB: Waiting for purge to start
2015-01-07 00:32:20 3772 [Note] InnoDB: 5.6.13 started; log sequence number 2905379
2015-01-07 00:32:20 3772 [Note] Server hostname (bind-address): '*'; port: 3307
2015-01-07 00:32:20 3772 [Note] IPv6 is available.
2015-01-07 00:32:20 3772 [Note]   - '::' resolves to '::';
2015-01-07 00:32:20 3772 [Note] Server socket created on IP: '::'.
2015-01-07 00:32:26 3772 [Note] Event Scheduler: Loaded 0 events
2015-01-07 00:32:26 3772 [Note] C:\Users\dell\Desktop\New folder/mysql/bin/mysqld_usbwv8.exe: ready for connections.
Version: '5.6.13'  socket: ''  port: 3307  MySQL Community Server (GPL)
2015-01-07 10:43:48 2340 [Note] Plugin 'FEDERATED' is disabled.
2015-01-07 10:43:49 2340 [Note] InnoDB: The InnoDB memory heap is disabled
2015-01-07 10:43:49 2340 [Note] InnoDB: Mutexes and rw_locks use Windows interlocked functions
2015-01-07 10:43:49 2340 [Note] InnoDB: Compressed tables use zlib 1.2.3
2015-01-07 10:43:49 2340 [Note] InnoDB: Not using CPU crc32 instructions
2015-01-07 10:43:49 2340 [Note] InnoDB: Initializing buffer pool, size = 128.0M
2015-01-07 10:43:50 2340 [Note] InnoDB: Completed initialization of buffer pool
2015-01-07 10:43:50 2340 [Note] InnoDB: Highest supported file format is Barracuda.
2015-01-07 10:43:50 2340 [Note] InnoDB: The log sequence numbers 1626134 and 1626134 in ibdata files do not match the log sequence number 2905389 in the ib_logfiles!
2015-01-07 10:43:50 2340 [Note] InnoDB: Database was not shutdown normally!
2015-01-07 10:43:50 2340 [Note] InnoDB: Starting crash recovery.
2015-01-07 10:43:50 2340 [Note] InnoDB: Reading tablespace information from the .ibd files...
2015-01-07 10:43:52 2340 [Note] InnoDB: Restoring possible half-written data pages 
2015-01-07 10:43:52 2340 [Note] InnoDB: from the doublewrite buffer...
2015-01-07 10:43:55 2340 [Note] InnoDB: 128 rollback segment(s) are active.
2015-01-07 10:43:56 2340 [Note] InnoDB: Waiting for purge to start
2015-01-07 10:43:56 2340 [Note] InnoDB: 5.6.13 started; log sequence number 2905389
2015-01-07 10:43:56 2340 [Note] Server hostname (bind-address): '*'; port: 3307
2015-01-07 10:43:56 2340 [Note] IPv6 is available.
2015-01-07 10:43:56 2340 [Note]   - '::' resolves to '::';
2015-01-07 10:43:56 2340 [Note] Server socket created on IP: '::'.
2015-01-07 10:44:11 2340 [Note] Event Scheduler: Loaded 0 events
2015-01-07 10:44:11 2340 [Note] C:\Users\dell\Desktop\New folder/mysql/bin/mysqld_usbwv8.exe: ready for connections.
Version: '5.6.13'  socket: ''  port: 3307  MySQL Community Server (GPL)
2015-01-07 16:59:52 4308 [Note] Plugin 'FEDERATED' is disabled.
2015-01-07 16:59:53 4308 [Note] InnoDB: The InnoDB memory heap is disabled
2015-01-07 16:59:53 4308 [Note] InnoDB: Mutexes and rw_locks use Windows interlocked functions
2015-01-07 16:59:53 4308 [Note] InnoDB: Compressed tables use zlib 1.2.3
2015-01-07 16:59:53 4308 [Note] InnoDB: Not using CPU crc32 instructions
2015-01-07 16:59:53 4308 [Note] InnoDB: Initializing buffer pool, size = 128.0M
2015-01-07 16:59:53 4308 [Note] InnoDB: Completed initialization of buffer pool
2015-01-07 16:59:54 4308 [Note] InnoDB: Highest supported file format is Barracuda.
2015-01-07 16:59:54 4308 [Note] InnoDB: The log sequence numbers 1626134 and 1626134 in ibdata files do not match the log sequence number 2905399 in the ib_logfiles!
2015-01-07 16:59:54 4308 [Note] InnoDB: Database was not shutdown normally!
2015-01-07 16:59:54 4308 [Note] InnoDB: Starting crash recovery.
2015-01-07 16:59:54 4308 [Note] InnoDB: Reading tablespace information from the .ibd files...
2015-01-07 16:59:56 4308 [Note] InnoDB: Restoring possible half-written data pages 
2015-01-07 16:59:56 4308 [Note] InnoDB: from the doublewrite buffer...
2015-01-07 16:59:59 4308 [Note] InnoDB: 128 rollback segment(s) are active.
2015-01-07 16:59:59 4308 [Note] InnoDB: Waiting for purge to start
2015-01-07 16:59:59 4308 [Note] InnoDB: 5.6.13 started; log sequence number 2905399
2015-01-07 16:59:59 4308 [Note] Server hostname (bind-address): '*'; port: 3307
2015-01-07 16:59:59 4308 [Note] IPv6 is available.
2015-01-07 16:59:59 4308 [Note]   - '::' resolves to '::';
2015-01-07 16:59:59 4308 [Note] Server socket created on IP: '::'.
2015-01-07 17:00:05 4308 [Note] Event Scheduler: Loaded 0 events
2015-01-07 17:00:05 4308 [Note] C:\Users\dell\Desktop\New folder/mysql/bin/mysqld_usbwv8.exe: ready for connections.
Version: '5.6.13'  socket: ''  port: 3307  MySQL Community Server (GPL)
2015-01-07 17:36:05 3392 [Note] Plugin 'FEDERATED' is disabled.
2015-01-07 17:36:07 3392 [Note] InnoDB: The InnoDB memory heap is disabled
2015-01-07 17:36:07 3392 [Note] InnoDB: Mutexes and rw_locks use Windows interlocked functions
2015-01-07 17:36:07 3392 [Note] InnoDB: Compressed tables use zlib 1.2.3
2015-01-07 17:36:07 3392 [Note] InnoDB: Not using CPU crc32 instructions
2015-01-07 17:36:10 3392 [Note] InnoDB: Initializing buffer pool, size = 128.0M
2015-01-07 17:36:10 3392 [Note] InnoDB: Completed initialization of buffer pool
2015-01-07 17:36:11 3392 [Note] InnoDB: Highest supported file format is Barracuda.
2015-01-07 17:36:11 3392 [Note] InnoDB: The log sequence numbers 1626134 and 1626134 in ibdata files do not match the log sequence number 2905409 in the ib_logfiles!
2015-01-07 17:36:11 3392 [Note] InnoDB: Database was not shutdown normally!
2015-01-07 17:36:11 3392 [Note] InnoDB: Starting crash recovery.
2015-01-07 17:36:11 3392 [Note] InnoDB: Reading tablespace information from the .ibd files...
2015-01-07 17:36:13 3392 [Note] InnoDB: Restoring possible half-written data pages 
2015-01-07 17:36:13 3392 [Note] InnoDB: from the doublewrite buffer...
2015-01-07 17:36:35 3392 [Note] InnoDB: 128 rollback segment(s) are active.
2015-01-07 17:36:35 3392 [Note] InnoDB: Waiting for purge to start
2015-01-07 17:36:35 3392 [Note] InnoDB: 5.6.13 started; log sequence number 2905409
2015-01-07 17:36:35 3392 [Note] Server hostname (bind-address): '*'; port: 3307
2015-01-07 17:36:35 3392 [Note] IPv6 is available.
2015-01-07 17:36:35 3392 [Note]   - '::' resolves to '::';
2015-01-07 17:36:35 3392 [Note] Server socket created on IP: '::'.
2015-01-07 17:36:43 3392 [Note] Event Scheduler: Loaded 0 events
2015-01-07 17:36:43 3392 [Note] C:\Users\dell\Desktop\New folder/mysql/bin/mysqld_usbwv8.exe: ready for connections.
Version: '5.6.13'  socket: ''  port: 3307  MySQL Community Server (GPL)
2015-01-07 19:23:33 3452 [Note] Plugin 'FEDERATED' is disabled.
2015-01-07 19:23:34 3452 [Note] InnoDB: The InnoDB memory heap is disabled
2015-01-07 19:23:34 3452 [Note] InnoDB: Mutexes and rw_locks use Windows interlocked functions
2015-01-07 19:23:34 3452 [Note] InnoDB: Compressed tables use zlib 1.2.3
2015-01-07 19:23:34 3452 [Note] InnoDB: Not using CPU crc32 instructions
2015-01-07 19:23:34 3452 [Note] InnoDB: Initializing buffer pool, size = 128.0M
2015-01-07 19:23:34 3452 [Note] InnoDB: Completed initialization of buffer pool
2015-01-07 19:23:35 3452 [Note] InnoDB: Highest supported file format is Barracuda.
2015-01-07 19:23:35 3452 [Note] InnoDB: The log sequence numbers 1626134 and 1626134 in ibdata files do not match the log sequence number 2905419 in the ib_logfiles!
2015-01-07 19:23:35 3452 [Note] InnoDB: Database was not shutdown normally!
2015-01-07 19:23:35 3452 [Note] InnoDB: Starting crash recovery.
2015-01-07 19:23:35 3452 [Note] InnoDB: Reading tablespace information from the .ibd files...
2015-01-07 19:23:37 3452 [Note] InnoDB: Restoring possible half-written data pages 
2015-01-07 19:23:37 3452 [Note] InnoDB: from the doublewrite buffer...
2015-01-07 19:23:43 3452 [Note] InnoDB: 128 rollback segment(s) are active.
2015-01-07 19:23:43 3452 [Note] InnoDB: Waiting for purge to start
2015-01-07 19:23:43 3452 [Note] InnoDB: 5.6.13 started; log sequence number 2905419
2015-01-07 19:23:44 3452 [Note] Server hostname (bind-address): '*'; port: 3307
2015-01-07 19:23:44 3452 [Note] IPv6 is available.
2015-01-07 19:23:44 3452 [Note]   - '::' resolves to '::';
2015-01-07 19:23:44 3452 [Note] Server socket created on IP: '::'.
2015-01-07 19:23:51 3452 [Note] Event Scheduler: Loaded 0 events
2015-01-07 19:23:51 3452 [Note] C:\Users\dell\Desktop\New folder/mysql/bin/mysqld_usbwv8.exe: ready for connections.
Version: '5.6.13'  socket: ''  port: 3307  MySQL Community Server (GPL)
2015-01-07 21:07:37 5108 [Note] Plugin 'FEDERATED' is disabled.
2015-01-07 21:07:38 5108 [Note] InnoDB: The InnoDB memory heap is disabled
2015-01-07 21:07:38 5108 [Note] InnoDB: Mutexes and rw_locks use Windows interlocked functions
2015-01-07 21:07:38 5108 [Note] InnoDB: Compressed tables use zlib 1.2.3
2015-01-07 21:07:39 5108 [Note] InnoDB: Not using CPU crc32 instructions
2015-01-07 21:07:39 5108 [Note] InnoDB: Initializing buffer pool, size = 128.0M
2015-01-07 21:07:39 5108 [Note] InnoDB: Completed initialization of buffer pool
2015-01-07 21:07:40 5108 [Note] InnoDB: Highest supported file format is Barracuda.
2015-01-07 21:07:41 5108 [Note] InnoDB: The log sequence numbers 1626134 and 1626134 in ibdata files do not match the log sequence number 2905429 in the ib_logfiles!
2015-01-07 21:07:41 5108 [Note] InnoDB: Database was not shutdown normally!
2015-01-07 21:07:41 5108 [Note] InnoDB: Starting crash recovery.
2015-01-07 21:07:41 5108 [Note] InnoDB: Reading tablespace information from the .ibd files...
2015-01-07 21:07:44 5108 [Note] InnoDB: Restoring possible half-written data pages 
2015-01-07 21:07:44 5108 [Note] InnoDB: from the doublewrite buffer...
2015-01-07 21:07:59 5108 [Note] InnoDB: 128 rollback segment(s) are active.
2015-01-07 21:07:59 5108 [Note] InnoDB: Waiting for purge to start
2015-01-07 21:07:59 5108 [Note] InnoDB: 5.6.13 started; log sequence number 2905429
2015-01-07 21:07:59 5108 [Note] Server hostname (bind-address): '*'; port: 3307
2015-01-07 21:07:59 5108 [Note] IPv6 is available.
2015-01-07 21:07:59 5108 [Note]   - '::' resolves to '::';
2015-01-07 21:07:59 5108 [Note] Server socket created on IP: '::'.
2015-01-07 21:08:12 5108 [Note] Event Scheduler: Loaded 0 events
2015-01-07 21:08:12 5108 [Note] C:\Users\dell\Desktop\New folder/mysql/bin/mysqld_usbwv8.exe: ready for connections.
Version: '5.6.13'  socket: ''  port: 3307  MySQL Community Server (GPL)
2015-01-08 14:46:18 3852 [Note] Plugin 'FEDERATED' is disabled.
2015-01-08 14:46:19 3852 [Note] InnoDB: The InnoDB memory heap is disabled
2015-01-08 14:46:19 3852 [Note] InnoDB: Mutexes and rw_locks use Windows interlocked functions
2015-01-08 14:46:19 3852 [Note] InnoDB: Compressed tables use zlib 1.2.3
2015-01-08 14:46:19 3852 [Note] InnoDB: Not using CPU crc32 instructions
2015-01-08 14:46:19 3852 [Note] InnoDB: Initializing buffer pool, size = 128.0M
2015-01-08 14:46:19 3852 [Note] InnoDB: Completed initialization of buffer pool
2015-01-08 14:46:20 3852 [Note] InnoDB: Highest supported file format is Barracuda.
2015-01-08 14:46:20 3852 [Note] InnoDB: The log sequence numbers 1626134 and 1626134 in ibdata files do not match the log sequence number 2911757 in the ib_logfiles!
2015-01-08 14:46:20 3852 [Note] InnoDB: Database was not shutdown normally!
2015-01-08 14:46:20 3852 [Note] InnoDB: Starting crash recovery.
2015-01-08 14:46:20 3852 [Note] InnoDB: Reading tablespace information from the .ibd files...
2015-01-08 14:46:22 3852 [Note] InnoDB: Restoring possible half-written data pages 
2015-01-08 14:46:22 3852 [Note] InnoDB: from the doublewrite buffer...
2015-01-08 14:46:27 3852 [Note] InnoDB: 128 rollback segment(s) are active.
2015-01-08 14:46:27 3852 [Note] InnoDB: Waiting for purge to start
2015-01-08 14:46:27 3852 [Note] InnoDB: 5.6.13 started; log sequence number 2911757
2015-01-08 14:46:27 3852 [Note] Server hostname (bind-address): '*'; port: 3307
2015-01-08 14:46:27 3852 [Note] IPv6 is available.
2015-01-08 14:46:27 3852 [Note]   - '::' resolves to '::';
2015-01-08 14:46:27 3852 [Note] Server socket created on IP: '::'.
2015-01-08 14:46:32 3852 [Note] Event Scheduler: Loaded 0 events
2015-01-08 14:46:32 3852 [Note] C:\Users\dell\Desktop\New folder/mysql/bin/mysqld_usbwv8.exe: ready for connections.
Version: '5.6.13'  socket: ''  port: 3307  MySQL Community Server (GPL)
2015-01-08 16:02:06 3992 [Note] Plugin 'FEDERATED' is disabled.
2015-01-08 16:02:07 3992 [Note] InnoDB: The InnoDB memory heap is disabled
2015-01-08 16:02:07 3992 [Note] InnoDB: Mutexes and rw_locks use Windows interlocked functions
2015-01-08 16:02:07 3992 [Note] InnoDB: Compressed tables use zlib 1.2.3
2015-01-08 16:02:08 3992 [Note] InnoDB: Not using CPU crc32 instructions
2015-01-08 16:02:08 3992 [Note] InnoDB: Initializing buffer pool, size = 128.0M
2015-01-08 16:02:08 3992 [Note] InnoDB: Completed initialization of buffer pool
2015-01-08 16:02:08 3992 [Note] InnoDB: Highest supported file format is Barracuda.
2015-01-08 16:02:08 3992 [Note] InnoDB: The log sequence numbers 1626134 and 1626134 in ibdata files do not match the log sequence number 2911767 in the ib_logfiles!
2015-01-08 16:02:08 3992 [Note] InnoDB: Database was not shutdown normally!
2015-01-08 16:02:08 3992 [Note] InnoDB: Starting crash recovery.
2015-01-08 16:02:08 3992 [Note] InnoDB: Reading tablespace information from the .ibd files...
2015-01-08 16:02:10 3992 [Note] InnoDB: Restoring possible half-written data pages 
2015-01-08 16:02:10 3992 [Note] InnoDB: from the doublewrite buffer...
2015-01-08 16:02:14 3992 [Note] InnoDB: 128 rollback segment(s) are active.
2015-01-08 16:02:14 3992 [Note] InnoDB: Waiting for purge to start
2015-01-08 16:02:14 3992 [Note] InnoDB: 5.6.13 started; log sequence number 2911767
2015-01-08 16:02:15 3992 [Note] Server hostname (bind-address): '*'; port: 3307
2015-01-08 16:02:15 3992 [Note] IPv6 is available.
2015-01-08 16:02:15 3992 [Note]   - '::' resolves to '::';
2015-01-08 16:02:15 3992 [Note] Server socket created on IP: '::'.
2015-01-08 16:02:20 3992 [Note] Event Scheduler: Loaded 0 events
2015-01-08 16:02:20 3992 [Note] C:\Users\dell\Desktop\New folder/mysql/bin/mysqld_usbwv8.exe: ready for connections.
Version: '5.6.13'  socket: ''  port: 3307  MySQL Community Server (GPL)
2015-01-08 18:19:49 3576 [Note] Plugin 'FEDERATED' is disabled.
2015-01-08 18:19:49 3576 [Note] InnoDB: The InnoDB memory heap is disabled
2015-01-08 18:19:49 3576 [Note] InnoDB: Mutexes and rw_locks use Windows interlocked functions
2015-01-08 18:19:49 3576 [Note] InnoDB: Compressed tables use zlib 1.2.3
2015-01-08 18:19:49 3576 [Note] InnoDB: Not using CPU crc32 instructions
2015-01-08 18:19:49 3576 [Note] InnoDB: Initializing buffer pool, size = 128.0M
2015-01-08 18:19:49 3576 [Note] InnoDB: Completed initialization of buffer pool
2015-01-08 18:19:50 3576 [Note] InnoDB: Highest supported file format is Barracuda.
2015-01-08 18:19:50 3576 [Note] InnoDB: The log sequence numbers 1626134 and 1626134 in ibdata files do not match the log sequence number 2921108 in the ib_logfiles!
2015-01-08 18:19:50 3576 [Note] InnoDB: Database was not shutdown normally!
2015-01-08 18:19:50 3576 [Note] InnoDB: Starting crash recovery.
2015-01-08 18:19:50 3576 [Note] InnoDB: Reading tablespace information from the .ibd files...
2015-01-08 18:19:51 3576 [Note] InnoDB: Restoring possible half-written data pages 
2015-01-08 18:19:51 3576 [Note] InnoDB: from the doublewrite buffer...
2015-01-08 18:19:54 3576 [Note] InnoDB: 128 rollback segment(s) are active.
2015-01-08 18:19:54 3576 [Note] InnoDB: Waiting for purge to start
2015-01-08 18:19:54 3576 [Note] InnoDB: 5.6.13 started; log sequence number 2921108
2015-01-08 18:19:54 3576 [Note] Server hostname (bind-address): '*'; port: 3307
2015-01-08 18:19:54 3576 [Note] IPv6 is available.
2015-01-08 18:19:54 3576 [Note]   - '::' resolves to '::';
2015-01-08 18:19:54 3576 [Note] Server socket created on IP: '::'.
2015-01-08 18:19:58 3576 [Note] Event Scheduler: Loaded 0 events
2015-01-08 18:19:58 3576 [Note] C:\Users\dell\Desktop\New folder/mysql/bin/mysqld_usbwv8.exe: ready for connections.
Version: '5.6.13'  socket: ''  port: 3307  MySQL Community Server (GPL)
2015-01-08 22:11:10 3972 [Note] Plugin 'FEDERATED' is disabled.
2015-01-08 22:11:12 3972 [Note] InnoDB: The InnoDB memory heap is disabled
2015-01-08 22:11:12 3972 [Note] InnoDB: Mutexes and rw_locks use Windows interlocked functions
2015-01-08 22:11:12 3972 [Note] InnoDB: Compressed tables use zlib 1.2.3
2015-01-08 22:11:12 3972 [Note] InnoDB: Not using CPU crc32 instructions
2015-01-08 22:11:12 3972 [Note] InnoDB: Initializing buffer pool, size = 128.0M
2015-01-08 22:11:13 3972 [Note] InnoDB: Completed initialization of buffer pool
2015-01-08 22:11:13 3972 [Note] InnoDB: Highest supported file format is Barracuda.
2015-01-08 22:11:14 3972 [Note] InnoDB: The log sequence numbers 1626134 and 1626134 in ibdata files do not match the log sequence number 3199709 in the ib_logfiles!
2015-01-08 22:11:14 3972 [Note] InnoDB: Database was not shutdown normally!
2015-01-08 22:11:14 3972 [Note] InnoDB: Starting crash recovery.
2015-01-08 22:11:14 3972 [Note] InnoDB: Reading tablespace information from the .ibd files...
2015-01-08 22:11:17 3972 [Note] InnoDB: Restoring possible half-written data pages 
2015-01-08 22:11:17 3972 [Note] InnoDB: from the doublewrite buffer...
2015-01-08 22:11:43 3972 [Note] InnoDB: 128 rollback segment(s) are active.
2015-01-08 22:11:43 3972 [Note] InnoDB: Waiting for purge to start
2015-01-08 22:11:43 3972 [Note] InnoDB: 5.6.13 started; log sequence number 3199709
2015-01-08 22:11:43 3972 [Note] Server hostname (bind-address): '*'; port: 3307
2015-01-08 22:11:43 3972 [Note] IPv6 is available.
2015-01-08 22:11:43 3972 [Note]   - '::' resolves to '::';
2015-01-08 22:11:43 3972 [Note] Server socket created on IP: '::'.
2015-01-08 22:11:51 3972 [Note] Event Scheduler: Loaded 0 events
2015-01-08 22:11:51 3972 [Note] C:\Users\dell\Desktop\New folder/mysql/bin/mysqld_usbwv8.exe: ready for connections.
Version: '5.6.13'  socket: ''  port: 3307  MySQL Community Server (GPL)
2015-01-09 00:38:23 4176 [Note] Plugin 'FEDERATED' is disabled.
2015-01-09 00:38:23 4176 [Note] InnoDB: The InnoDB memory heap is disabled
2015-01-09 00:38:23 4176 [Note] InnoDB: Mutexes and rw_locks use Windows interlocked functions
2015-01-09 00:38:23 4176 [Note] InnoDB: Compressed tables use zlib 1.2.3
2015-01-09 00:38:24 4176 [Note] InnoDB: Not using CPU crc32 instructions
2015-01-09 00:38:24 4176 [Note] InnoDB: Initializing buffer pool, size = 128.0M
2015-01-09 00:38:24 4176 [Note] InnoDB: Completed initialization of buffer pool
2015-01-09 00:38:24 4176 [Note] InnoDB: Highest supported file format is Barracuda.
2015-01-09 00:38:24 4176 [Note] InnoDB: The log sequence numbers 1626134 and 1626134 in ibdata files do not match the log sequence number 3216511 in the ib_logfiles!
2015-01-09 00:38:24 4176 [Note] InnoDB: Database was not shutdown normally!
2015-01-09 00:38:24 4176 [Note] InnoDB: Starting crash recovery.
2015-01-09 00:38:24 4176 [Note] InnoDB: Reading tablespace information from the .ibd files...
2015-01-09 00:38:25 4176 [Note] InnoDB: Restoring possible half-written data pages 
2015-01-09 00:38:25 4176 [Note] InnoDB: from the doublewrite buffer...
2015-01-09 00:38:32 4176 [Note] InnoDB: 128 rollback segment(s) are active.
2015-01-09 00:38:32 4176 [Note] InnoDB: Waiting for purge to start
2015-01-09 00:38:32 4176 [Note] InnoDB: 5.6.13 started; log sequence number 3216511
2015-01-09 00:38:32 4176 [Note] Server hostname (bind-address): '*'; port: 3307
2015-01-09 00:38:32 4176 [Note] IPv6 is available.
2015-01-09 00:38:32 4176 [Note]   - '::' resolves to '::';
2015-01-09 00:38:32 4176 [Note] Server socket created on IP: '::'.
2015-01-09 00:38:34 4176 [Note] Event Scheduler: Loaded 0 events
2015-01-09 00:38:34 4176 [Note] C:\Users\dell\Desktop\New folder/mysql/bin/mysqld_usbwv8.exe: ready for connections.
Version: '5.6.13'  socket: ''  port: 3307  MySQL Community Server (GPL)
2015-01-09 02:03:19 3860 [Note] Plugin 'FEDERATED' is disabled.
2015-01-09 02:03:20 3860 [Note] InnoDB: The InnoDB memory heap is disabled
2015-01-09 02:03:20 3860 [Note] InnoDB: Mutexes and rw_locks use Windows interlocked functions
2015-01-09 02:03:20 3860 [Note] InnoDB: Compressed tables use zlib 1.2.3
2015-01-09 02:03:20 3860 [Note] InnoDB: Not using CPU crc32 instructions
2015-01-09 02:03:20 3860 [Note] InnoDB: Initializing buffer pool, size = 128.0M
2015-01-09 02:03:20 3860 [Note] InnoDB: Completed initialization of buffer pool
2015-01-09 02:03:21 3860 [Note] InnoDB: Highest supported file format is Barracuda.
2015-01-09 02:03:21 3860 [Note] InnoDB: The log sequence numbers 1626134 and 1626134 in ibdata files do not match the log sequence number 3253974 in the ib_logfiles!
2015-01-09 02:03:21 3860 [Note] InnoDB: Database was not shutdown normally!
2015-01-09 02:03:21 3860 [Note] InnoDB: Starting crash recovery.
2015-01-09 02:03:21 3860 [Note] InnoDB: Reading tablespace information from the .ibd files...
2015-01-09 02:03:22 3860 [Note] InnoDB: Restoring possible half-written data pages 
2015-01-09 02:03:22 3860 [Note] InnoDB: from the doublewrite buffer...
2015-01-09 02:03:25 3860 [Note] InnoDB: 128 rollback segment(s) are active.
2015-01-09 02:03:25 3860 [Note] InnoDB: Waiting for purge to start
2015-01-09 02:03:25 3860 [Note] InnoDB: 5.6.13 started; log sequence number 3253974
2015-01-09 02:03:25 3860 [Note] Server hostname (bind-address): '*'; port: 3307
2015-01-09 02:03:25 3860 [Note] IPv6 is available.
2015-01-09 02:03:25 3860 [Note]   - '::' resolves to '::';
2015-01-09 02:03:25 3860 [Note] Server socket created on IP: '::'.
2015-01-09 02:03:37 3860 [Note] Event Scheduler: Loaded 0 events
2015-01-09 02:03:37 3860 [Note] C:\Users\dell\Desktop\New folder/mysql/bin/mysqld_usbwv8.exe: ready for connections.
Version: '5.6.13'  socket: ''  port: 3307  MySQL Community Server (GPL)
2015-01-09 03:09:45 3352 [Note] Plugin 'FEDERATED' is disabled.
2015-01-09 03:09:46 3352 [Note] InnoDB: The InnoDB memory heap is disabled
2015-01-09 03:09:46 3352 [Note] InnoDB: Mutexes and rw_locks use Windows interlocked functions
2015-01-09 03:09:46 3352 [Note] InnoDB: Compressed tables use zlib 1.2.3
2015-01-09 03:09:46 3352 [Note] InnoDB: Not using CPU crc32 instructions
2015-01-09 03:09:46 3352 [Note] InnoDB: Initializing buffer pool, size = 128.0M
2015-01-09 03:09:46 3352 [Note] InnoDB: Completed initialization of buffer pool
2015-01-09 03:09:46 3352 [ERROR] InnoDB: C:\Users\dell\Desktop\New folder\mysql\data\ibdata1 can't be opened in read-write mode
2015-01-09 03:09:46 3352 [ERROR] InnoDB: The system tablespace must be writable!
2015-01-09 03:09:46 3352 [ERROR] Plugin 'InnoDB' init function returned error.
2015-01-09 03:09:46 3352 [ERROR] Plugin 'InnoDB' registration as a STORAGE ENGINE failed.
2015-01-09 03:09:46 3352 [ERROR] Unknown/unsupported storage engine: InnoDB
2015-01-09 03:09:46 3352 [ERROR] Aborting

2015-01-09 03:09:46 3352 [Note] Binlog end
2015-01-09 03:09:46 3352 [Note] Shutting down plugin 'partition'
2015-01-09 03:09:46 3352 [Note] Shutting down plugin 'PERFORMANCE_SCHEMA'
2015-01-09 03:09:46 3352 [Note] Shutting down plugin 'INNODB_SYS_DATAFILES'
2015-01-09 03:09:46 3352 [Note] Shutting down plugin 'INNODB_SYS_TABLESPACES'
2015-01-09 03:09:46 3352 [Note] Shutting down plugin 'INNODB_SYS_FOREIGN_COLS'
2015-01-09 03:09:46 3352 [Note] Shutting down plugin 'INNODB_SYS_FOREIGN'
2015-01-09 03:09:46 3352 [Note] Shutting down plugin 'INNODB_SYS_FIELDS'
2015-01-09 03:09:46 3352 [Note] Shutting down plugin 'INNODB_SYS_COLUMNS'
2015-01-09 03:09:46 3352 [Note] Shutting down plugin 'INNODB_SYS_INDEXES'
2015-01-09 03:09:46 3352 [Note] Shutting down plugin 'INNODB_SYS_TABLESTATS'
2015-01-09 03:09:46 3352 [Note] Shutting down plugin 'INNODB_SYS_TABLES'
2015-01-09 03:09:46 3352 [Note] Shutting down plugin 'INNODB_FT_INDEX_TABLE'
2015-01-09 03:09:46 3352 [Note] Shutting down plugin 'INNODB_FT_INDEX_CACHE'
2015-01-09 03:09:46 3352 [Note] Shutting down plugin 'INNODB_FT_CONFIG'
2015-01-09 03:09:46 3352 [Note] Shutting down plugin 'INNODB_FT_BEING_DELETED'
2015-01-09 03:09:46 3352 [Note] Shutting down plugin 'INNODB_FT_DELETED'
2015-01-09 03:09:46 3352 [Note] Shutting down plugin 'INNODB_FT_DEFAULT_STOPWORD'
2015-01-09 03:09:46 3352 [Note] Shutting down plugin 'INNODB_METRICS'
2015-01-09 03:09:46 3352 [Note] Shutting down plugin 'INNODB_BUFFER_POOL_STATS'
2015-01-09 03:09:46 3352 [Note] Shutting down plugin 'INNODB_BUFFER_PAGE_LRU'
2015-01-09 03:09:46 3352 [Note] Shutting down plugin 'INNODB_BUFFER_PAGE'
2015-01-09 03:09:46 3352 [Note] Shutting down plugin 'INNODB_CMP_PER_INDEX_RESET'
2015-01-09 03:09:46 3352 [Note] Shutting down plugin 'INNODB_CMP_PER_INDEX'
2015-01-09 03:09:46 3352 [Note] Shutting down plugin 'INNODB_CMPMEM_RESET'
2015-01-09 03:09:46 3352 [Note] Shutting down plugin 'INNODB_CMPMEM'
2015-01-09 03:09:46 3352 [Note] Shutting down plugin 'INNODB_CMP_RESET'
2015-01-09 03:09:46 3352 [Note] Shutting down plugin 'INNODB_CMP'
2015-01-09 03:09:46 3352 [Note] Shutting down plugin 'INNODB_LOCK_WAITS'
2015-01-09 03:09:46 3352 [Note] Shutting down plugin 'INNODB_LOCKS'
2015-01-09 03:09:46 3352 [Note] Shutting down plugin 'INNODB_TRX'
2015-01-09 03:09:46 3352 [Note] Shutting down plugin 'BLACKHOLE'
2015-01-09 03:09:46 3352 [Note] Shutting down plugin 'ARCHIVE'
2015-01-09 03:09:46 3352 [Note] Shutting down plugin 'MRG_MYISAM'
2015-01-09 03:09:46 3352 [Note] Shutting down plugin 'MyISAM'
2015-01-09 03:09:46 3352 [Note] Shutting down plugin 'MEMORY'
2015-01-09 03:09:46 3352 [Note] Shutting down plugin 'CSV'
2015-01-09 03:09:46 3352 [Note] Shutting down plugin 'sha256_password'
2015-01-09 03:09:46 3352 [Note] Shutting down plugin 'mysql_old_password'
2015-01-09 03:09:46 3352 [Note] Shutting down plugin 'mysql_native_password'
2015-01-09 03:09:46 3352 [Note] Shutting down plugin 'binlog'
2015-01-09 03:09:46 3352 [Note] C:\Users\dell\Desktop\New folder/mysql/bin/mysqld_usbwv8.exe: Shutdown complete

2015-01-09 03:10:18 5776 [Note] Plugin 'FEDERATED' is disabled.
2015-01-09 03:10:19 5776 [Note] InnoDB: The InnoDB memory heap is disabled
2015-01-09 03:10:19 5776 [Note] InnoDB: Mutexes and rw_locks use Windows interlocked functions
2015-01-09 03:10:19 5776 [Note] InnoDB: Compressed tables use zlib 1.2.3
2015-01-09 03:10:19 5776 [Note] InnoDB: Not using CPU crc32 instructions
2015-01-09 03:10:19 5776 [Note] InnoDB: Initializing buffer pool, size = 128.0M
2015-01-09 03:10:19 5776 [Note] InnoDB: Completed initialization of buffer pool
2015-01-09 03:10:19 5776 [Note] InnoDB: Highest supported file format is Barracuda.
2015-01-09 03:10:19 5776 [Note] InnoDB: The log sequence numbers 1626134 and 1626134 in ibdata files do not match the log sequence number 3272213 in the ib_logfiles!
2015-01-09 03:10:19 5776 [Note] InnoDB: Database was not shutdown normally!
2015-01-09 03:10:19 5776 [Note] InnoDB: Starting crash recovery.
2015-01-09 03:10:19 5776 [Note] InnoDB: Reading tablespace information from the .ibd files...
2015-01-09 03:10:20 5776 [Note] InnoDB: Restoring possible half-written data pages 
2015-01-09 03:10:20 5776 [Note] InnoDB: from the doublewrite buffer...
2015-01-09 03:10:22 5776 [Note] InnoDB: 128 rollback segment(s) are active.
2015-01-09 03:10:22 5776 [Note] InnoDB: Waiting for purge to start
2015-01-09 03:10:22 5776 [Note] InnoDB: 5.6.13 started; log sequence number 3272213
2015-01-09 03:10:22 5776 [Note] Server hostname (bind-address): '*'; port: 3307
2015-01-09 03:10:22 5776 [Note] IPv6 is available.
2015-01-09 03:10:22 5776 [Note]   - '::' resolves to '::';
2015-01-09 03:10:22 5776 [Note] Server socket created on IP: '::'.
2015-01-09 03:10:29 5776 [Note] Event Scheduler: Loaded 0 events
2015-01-09 03:10:29 5776 [Note] C:\Users\dell\Desktop\New folder/mysql/bin/mysqld_usbwv8.exe: ready for connections.
Version: '5.6.13'  socket: ''  port: 3307  MySQL Community Server (GPL)
2015-01-09 14:29:31 3716 [Note] Plugin 'FEDERATED' is disabled.
2015-01-09 14:29:32 3716 [Note] InnoDB: The InnoDB memory heap is disabled
2015-01-09 14:29:32 3716 [Note] InnoDB: Mutexes and rw_locks use Windows interlocked functions
2015-01-09 14:29:32 3716 [Note] InnoDB: Compressed tables use zlib 1.2.3
2015-01-09 14:29:32 3716 [Note] InnoDB: Not using CPU crc32 instructions
2015-01-09 14:29:32 3716 [Note] InnoDB: Initializing buffer pool, size = 128.0M
2015-01-09 14:29:32 3716 [Note] InnoDB: Completed initialization of buffer pool
2015-01-09 14:29:32 3716 [Note] InnoDB: Highest supported file format is Barracuda.
2015-01-09 14:29:33 3716 [Note] InnoDB: The log sequence numbers 1626134 and 1626134 in ibdata files do not match the log sequence number 3272223 in the ib_logfiles!
2015-01-09 14:29:33 3716 [Note] InnoDB: Database was not shutdown normally!
2015-01-09 14:29:33 3716 [Note] InnoDB: Starting crash recovery.
2015-01-09 14:29:33 3716 [Note] InnoDB: Reading tablespace information from the .ibd files...
2015-01-09 14:29:34 3716 [Note] InnoDB: Restoring possible half-written data pages 
2015-01-09 14:29:34 3716 [Note] InnoDB: from the doublewrite buffer...
2015-01-09 14:29:37 3716 [Note] InnoDB: 128 rollback segment(s) are active.
2015-01-09 14:29:37 3716 [Note] InnoDB: Waiting for purge to start
2015-01-09 14:29:37 3716 [Note] InnoDB: 5.6.13 started; log sequence number 3272223
2015-01-09 14:29:38 3716 [Note] Server hostname (bind-address): '*'; port: 3307
2015-01-09 14:29:38 3716 [Note] IPv6 is available.
2015-01-09 14:29:38 3716 [Note]   - '::' resolves to '::';
2015-01-09 14:29:38 3716 [Note] Server socket created on IP: '::'.
2015-01-09 14:29:44 3716 [Note] Event Scheduler: Loaded 0 events
2015-01-09 14:29:44 3716 [Note] C:\Users\dell\Desktop\New folder/mysql/bin/mysqld_usbwv8.exe: ready for connections.
Version: '5.6.13'  socket: ''  port: 3307  MySQL Community Server (GPL)
2015-01-09 15:58:04 4328 [Note] Plugin 'FEDERATED' is disabled.
2015-01-09 15:58:06 4328 [Note] InnoDB: The InnoDB memory heap is disabled
2015-01-09 15:58:06 4328 [Note] InnoDB: Mutexes and rw_locks use Windows interlocked functions
2015-01-09 15:58:06 4328 [Note] InnoDB: Compressed tables use zlib 1.2.3
2015-01-09 15:58:06 4328 [Note] InnoDB: Not using CPU crc32 instructions
2015-01-09 15:58:18 4328 [Note] InnoDB: Initializing buffer pool, size = 128.0M
2015-01-09 15:58:18 4328 [Note] InnoDB: Completed initialization of buffer pool
2015-01-09 15:58:18 4328 [Note] InnoDB: Highest supported file format is Barracuda.
2015-01-09 15:58:18 4328 [Note] InnoDB: The log sequence numbers 1626134 and 1626134 in ibdata files do not match the log sequence number 3272420 in the ib_logfiles!
2015-01-09 15:58:18 4328 [Note] InnoDB: Database was not shutdown normally!
2015-01-09 15:58:18 4328 [Note] InnoDB: Starting crash recovery.
2015-01-09 15:58:18 4328 [Note] InnoDB: Reading tablespace information from the .ibd files...
2015-01-09 15:58:20 4328 [Note] InnoDB: Restoring possible half-written data pages 
2015-01-09 15:58:20 4328 [Note] InnoDB: from the doublewrite buffer...
2015-01-09 15:58:30 4328 [Note] InnoDB: 128 rollback segment(s) are active.
2015-01-09 15:58:30 4328 [Note] InnoDB: Waiting for purge to start
2015-01-09 15:58:30 4328 [Note] InnoDB: 5.6.13 started; log sequence number 3272420
2015-01-09 15:58:31 4328 [Note] Server hostname (bind-address): '*'; port: 3307
2015-01-09 15:58:31 4328 [Note] IPv6 is available.
2015-01-09 15:58:31 4328 [Note]   - '::' resolves to '::';
2015-01-09 15:58:31 4328 [Note] Server socket created on IP: '::'.
2015-01-09 15:58:36 4328 [Note] Event Scheduler: Loaded 0 events
2015-01-09 15:58:36 4328 [Note] C:\Users\dell\Desktop\New folder/mysql/bin/mysqld_usbwv8.exe: ready for connections.
Version: '5.6.13'  socket: ''  port: 3307  MySQL Community Server (GPL)
2015-01-09 17:42:16 3484 [Note] Plugin 'FEDERATED' is disabled.
2015-01-09 17:42:16 3484 [Note] InnoDB: The InnoDB memory heap is disabled
2015-01-09 17:42:16 3484 [Note] InnoDB: Mutexes and rw_locks use Windows interlocked functions
2015-01-09 17:42:16 3484 [Note] InnoDB: Compressed tables use zlib 1.2.3
2015-01-09 17:42:17 3484 [Note] InnoDB: Not using CPU crc32 instructions
2015-01-09 17:42:17 3484 [Note] InnoDB: Initializing buffer pool, size = 128.0M
2015-01-09 17:42:17 3484 [Note] InnoDB: Completed initialization of buffer pool
2015-01-09 17:42:17 3484 [Note] InnoDB: Highest supported file format is Barracuda.
2015-01-09 17:42:17 3484 [Note] InnoDB: The log sequence numbers 1626134 and 1626134 in ibdata files do not match the log sequence number 3337697 in the ib_logfiles!
2015-01-09 17:42:17 3484 [Note] InnoDB: Database was not shutdown normally!
2015-01-09 17:42:17 3484 [Note] InnoDB: Starting crash recovery.
2015-01-09 17:42:17 3484 [Note] InnoDB: Reading tablespace information from the .ibd files...
2015-01-09 17:42:18 3484 [Note] InnoDB: Restoring possible half-written data pages 
2015-01-09 17:42:18 3484 [Note] InnoDB: from the doublewrite buffer...
2015-01-09 17:42:21 3484 [Note] InnoDB: 128 rollback segment(s) are active.
2015-01-09 17:42:21 3484 [Note] InnoDB: Waiting for purge to start
2015-01-09 17:42:21 3484 [Note] InnoDB: 5.6.13 started; log sequence number 3337697
2015-01-09 17:42:21 3484 [Note] Server hostname (bind-address): '*'; port: 3307
2015-01-09 17:42:21 3484 [Note] IPv6 is available.
2015-01-09 17:42:21 3484 [Note]   - '::' resolves to '::';
2015-01-09 17:42:21 3484 [Note] Server socket created on IP: '::'.
2015-01-09 17:42:24 3484 [Note] Event Scheduler: Loaded 0 events
2015-01-09 17:42:24 3484 [Note] C:\Users\dell\Desktop\New folder/mysql/bin/mysqld_usbwv8.exe: ready for connections.
Version: '5.6.13'  socket: ''  port: 3307  MySQL Community Server (GPL)
2015-01-09 19:03:47 3384 [Note] Plugin 'FEDERATED' is disabled.
2015-01-09 19:03:49 3384 [Note] InnoDB: The InnoDB memory heap is disabled
2015-01-09 19:03:49 3384 [Note] InnoDB: Mutexes and rw_locks use Windows interlocked functions
2015-01-09 19:03:49 3384 [Note] InnoDB: Compressed tables use zlib 1.2.3
2015-01-09 19:03:50 3384 [Note] InnoDB: Not using CPU crc32 instructions
2015-01-09 19:04:01 3384 [Note] InnoDB: Initializing buffer pool, size = 128.0M
2015-01-09 19:04:01 3384 [Note] InnoDB: Completed initialization of buffer pool
2015-01-09 19:04:02 3384 [Note] InnoDB: Highest supported file format is Barracuda.
2015-01-09 19:04:02 3384 [Note] InnoDB: The log sequence numbers 1626134 and 1626134 in ibdata files do not match the log sequence number 3370809 in the ib_logfiles!
2015-01-09 19:04:02 3384 [Note] InnoDB: Database was not shutdown normally!
2015-01-09 19:04:02 3384 [Note] InnoDB: Starting crash recovery.
2015-01-09 19:04:02 3384 [Note] InnoDB: Reading tablespace information from the .ibd files...
2015-01-09 19:04:06 3384 [Note] InnoDB: Restoring possible half-written data pages 
2015-01-09 19:04:06 3384 [Note] InnoDB: from the doublewrite buffer...
2015-01-09 19:04:24 3384 [Note] InnoDB: 128 rollback segment(s) are active.
2015-01-09 19:04:24 3384 [Note] InnoDB: Waiting for purge to start
2015-01-09 19:04:24 3384 [Note] InnoDB: 5.6.13 started; log sequence number 3370809
2015-01-09 19:04:26 3384 [Note] Server hostname (bind-address): '*'; port: 3307
2015-01-09 19:04:26 3384 [Note] IPv6 is available.
2015-01-09 19:04:26 3384 [Note]   - '::' resolves to '::';
2015-01-09 19:04:26 3384 [Note] Server socket created on IP: '::'.
2015-01-09 19:04:44 3384 [Note] Event Scheduler: Loaded 0 events
2015-01-09 19:04:44 3384 [Note] C:\Users\dell\Desktop\New folder/mysql/bin/mysqld_usbwv8.exe: ready for connections.
Version: '5.6.13'  socket: ''  port: 3307  MySQL Community Server (GPL)
2015-01-09 22:43:23 1460 [Note] Plugin 'FEDERATED' is disabled.
2015-01-09 22:43:25 1460 [Note] InnoDB: The InnoDB memory heap is disabled
2015-01-09 22:43:25 1460 [Note] InnoDB: Mutexes and rw_locks use Windows interlocked functions
2015-01-09 22:43:25 1460 [Note] InnoDB: Compressed tables use zlib 1.2.3
2015-01-09 22:43:26 1460 [Note] InnoDB: Not using CPU crc32 instructions
2015-01-09 22:43:27 1460 [Note] InnoDB: Initializing buffer pool, size = 128.0M
2015-01-09 22:43:27 1460 [Note] InnoDB: Completed initialization of buffer pool
2015-01-09 22:43:28 1460 [Note] InnoDB: Highest supported file format is Barracuda.
2015-01-09 22:43:28 1460 [Note] InnoDB: The log sequence numbers 1626134 and 1626134 in ibdata files do not match the log sequence number 3554853 in the ib_logfiles!
2015-01-09 22:43:28 1460 [Note] InnoDB: Database was not shutdown normally!
2015-01-09 22:43:28 1460 [Note] InnoDB: Starting crash recovery.
2015-01-09 22:43:28 1460 [Note] InnoDB: Reading tablespace information from the .ibd files...
2015-01-09 22:43:31 1460 [Note] InnoDB: Restoring possible half-written data pages 
2015-01-09 22:43:31 1460 [Note] InnoDB: from the doublewrite buffer...
2015-01-09 22:43:48 1460 [Note] InnoDB: 128 rollback segment(s) are active.
2015-01-09 22:43:48 1460 [Note] InnoDB: Waiting for purge to start
2015-01-09 22:43:48 1460 [Note] InnoDB: 5.6.13 started; log sequence number 3554853
2015-01-09 22:43:49 1460 [Note] Server hostname (bind-address): '*'; port: 3307
2015-01-09 22:43:49 1460 [Note] IPv6 is available.
2015-01-09 22:43:49 1460 [Note]   - '::' resolves to '::';
2015-01-09 22:43:49 1460 [Note] Server socket created on IP: '::'.
2015-01-09 22:43:58 1460 [Note] Event Scheduler: Loaded 0 events
2015-01-09 22:43:58 1460 [Note] C:\Users\dell\Desktop\New folder/mysql/bin/mysqld_usbwv8.exe: ready for connections.
Version: '5.6.13'  socket: ''  port: 3307  MySQL Community Server (GPL)
2015-01-10 13:57:15 4304 [Note] Plugin 'FEDERATED' is disabled.
2015-01-10 13:57:16 4304 [Note] InnoDB: The InnoDB memory heap is disabled
2015-01-10 13:57:16 4304 [Note] InnoDB: Mutexes and rw_locks use Windows interlocked functions
2015-01-10 13:57:16 4304 [Note] InnoDB: Compressed tables use zlib 1.2.3
2015-01-10 13:57:16 4304 [Note] InnoDB: Not using CPU crc32 instructions
2015-01-10 13:57:16 4304 [Note] InnoDB: Initializing buffer pool, size = 128.0M
2015-01-10 13:57:16 4304 [Note] InnoDB: Completed initialization of buffer pool
2015-01-10 13:57:16 4304 [Note] InnoDB: Highest supported file format is Barracuda.
2015-01-10 13:57:16 4304 [Note] InnoDB: The log sequence numbers 1626134 and 1626134 in ibdata files do not match the log sequence number 3961535 in the ib_logfiles!
2015-01-10 13:57:16 4304 [Note] InnoDB: Database was not shutdown normally!
2015-01-10 13:57:16 4304 [Note] InnoDB: Starting crash recovery.
2015-01-10 13:57:16 4304 [Note] InnoDB: Reading tablespace information from the .ibd files...
2015-01-10 13:57:18 4304 [Note] InnoDB: Restoring possible half-written data pages 
2015-01-10 13:57:18 4304 [Note] InnoDB: from the doublewrite buffer...
2015-01-10 13:57:23 4304 [Note] InnoDB: 128 rollback segment(s) are active.
2015-01-10 13:57:23 4304 [Note] InnoDB: Waiting for purge to start
2015-01-10 13:57:23 4304 [Note] InnoDB: 5.6.13 started; log sequence number 3961535
2015-01-10 13:57:23 4304 [Note] Server hostname (bind-address): '*'; port: 3307
2015-01-10 13:57:23 4304 [Note] IPv6 is available.
2015-01-10 13:57:23 4304 [Note]   - '::' resolves to '::';
2015-01-10 13:57:23 4304 [Note] Server socket created on IP: '::'.
2015-01-10 13:57:26 4304 [Note] Event Scheduler: Loaded 0 events
2015-01-10 13:57:26 4304 [Note] C:\Users\dell\Desktop\New folder/mysql/bin/mysqld_usbwv8.exe: ready for connections.
Version: '5.6.13'  socket: ''  port: 3307  MySQL Community Server (GPL)
2015-01-10 16:00:48 2288 [Note] Plugin 'FEDERATED' is disabled.
2015-01-10 16:00:50 2288 [Note] InnoDB: The InnoDB memory heap is disabled
2015-01-10 16:00:50 2288 [Note] InnoDB: Mutexes and rw_locks use Windows interlocked functions
2015-01-10 16:00:50 2288 [Note] InnoDB: Compressed tables use zlib 1.2.3
2015-01-10 16:00:50 2288 [Note] InnoDB: Not using CPU crc32 instructions
2015-01-10 16:00:50 2288 [Note] InnoDB: Initializing buffer pool, size = 128.0M
2015-01-10 16:00:50 2288 [Note] InnoDB: Completed initialization of buffer pool
2015-01-10 16:00:50 2288 [Note] InnoDB: Highest supported file format is Barracuda.
2015-01-10 16:00:50 2288 [Note] InnoDB: The log sequence numbers 1626134 and 1626134 in ibdata files do not match the log sequence number 3964451 in the ib_logfiles!
2015-01-10 16:00:50 2288 [Note] InnoDB: Database was not shutdown normally!
2015-01-10 16:00:50 2288 [Note] InnoDB: Starting crash recovery.
2015-01-10 16:00:50 2288 [Note] InnoDB: Reading tablespace information from the .ibd files...
2015-01-10 16:00:52 2288 [Note] InnoDB: Restoring possible half-written data pages 
2015-01-10 16:00:52 2288 [Note] InnoDB: from the doublewrite buffer...
2015-01-10 16:00:56 2288 [Note] InnoDB: 128 rollback segment(s) are active.
2015-01-10 16:00:56 2288 [Note] InnoDB: Waiting for purge to start
2015-01-10 16:00:56 2288 [Note] InnoDB: 5.6.13 started; log sequence number 3964451
2015-01-10 16:00:56 2288 [Note] Server hostname (bind-address): '*'; port: 3307
2015-01-10 16:00:56 2288 [Note] IPv6 is available.
2015-01-10 16:00:56 2288 [Note]   - '::' resolves to '::';
2015-01-10 16:00:56 2288 [Note] Server socket created on IP: '::'.
2015-01-10 16:01:02 2288 [Note] Event Scheduler: Loaded 0 events
2015-01-10 16:01:02 2288 [Note] C:\Users\dell\Desktop\New folder/mysql/bin/mysqld_usbwv8.exe: ready for connections.
Version: '5.6.13'  socket: ''  port: 3307  MySQL Community Server (GPL)
2015-01-10 18:22:08 3896 [Note] Plugin 'FEDERATED' is disabled.
2015-01-10 18:22:09 3896 [Note] InnoDB: The InnoDB memory heap is disabled
2015-01-10 18:22:09 3896 [Note] InnoDB: Mutexes and rw_locks use Windows interlocked functions
2015-01-10 18:22:09 3896 [Note] InnoDB: Compressed tables use zlib 1.2.3
2015-01-10 18:22:10 3896 [Note] InnoDB: Not using CPU crc32 instructions
2015-01-10 18:22:10 3896 [Note] InnoDB: Initializing buffer pool, size = 128.0M
2015-01-10 18:22:10 3896 [Note] InnoDB: Completed initialization of buffer pool
2015-01-10 18:22:10 3896 [Note] InnoDB: Highest supported file format is Barracuda.
2015-01-10 18:22:11 3896 [Note] InnoDB: The log sequence numbers 1626134 and 1626134 in ibdata files do not match the log sequence number 4146315 in the ib_logfiles!
2015-01-10 18:22:11 3896 [Note] InnoDB: Database was not shutdown normally!
2015-01-10 18:22:11 3896 [Note] InnoDB: Starting crash recovery.
2015-01-10 18:22:11 3896 [Note] InnoDB: Reading tablespace information from the .ibd files...
2015-01-10 18:22:13 3896 [Note] InnoDB: Restoring possible half-written data pages 
2015-01-10 18:22:13 3896 [Note] InnoDB: from the doublewrite buffer...
2015-01-10 18:22:22 3896 [Note] InnoDB: 128 rollback segment(s) are active.
2015-01-10 18:22:22 3896 [Note] InnoDB: Waiting for purge to start
2015-01-10 18:22:22 3896 [Note] InnoDB: 5.6.13 started; log sequence number 4146315
2015-01-10 18:22:22 3896 [Note] Server hostname (bind-address): '*'; port: 3307
2015-01-10 18:22:22 3896 [Note] IPv6 is available.
2015-01-10 18:22:22 3896 [Note]   - '::' resolves to '::';
2015-01-10 18:22:22 3896 [Note] Server socket created on IP: '::'.
2015-01-10 18:22:27 3896 [Note] Event Scheduler: Loaded 0 events
2015-01-10 18:22:27 3896 [Note] C:\Users\dell\Desktop\New folder/mysql/bin/mysqld_usbwv8.exe: ready for connections.
Version: '5.6.13'  socket: ''  port: 3307  MySQL Community Server (GPL)
2015-01-10 21:30:18 3968 [Note] Plugin 'FEDERATED' is disabled.
2015-01-10 21:30:18 3968 [Note] InnoDB: The InnoDB memory heap is disabled
2015-01-10 21:30:18 3968 [Note] InnoDB: Mutexes and rw_locks use Windows interlocked functions
2015-01-10 21:30:18 3968 [Note] InnoDB: Compressed tables use zlib 1.2.3
2015-01-10 21:30:18 3968 [Note] InnoDB: Not using CPU crc32 instructions
2015-01-10 21:30:18 3968 [Note] InnoDB: Initializing buffer pool, size = 128.0M
2015-01-10 21:30:18 3968 [Note] InnoDB: Completed initialization of buffer pool
2015-01-10 21:30:18 3968 [Note] InnoDB: Highest supported file format is Barracuda.
2015-01-10 21:30:18 3968 [Note] InnoDB: The log sequence numbers 1626134 and 1626134 in ibdata files do not match the log sequence number 4156477 in the ib_logfiles!
2015-01-10 21:30:18 3968 [Note] InnoDB: Database was not shutdown normally!
2015-01-10 21:30:18 3968 [Note] InnoDB: Starting crash recovery.
2015-01-10 21:30:18 3968 [Note] InnoDB: Reading tablespace information from the .ibd files...
2015-01-10 21:30:19 3968 [Note] InnoDB: Restoring possible half-written data pages 
2015-01-10 21:30:19 3968 [Note] InnoDB: from the doublewrite buffer...
2015-01-10 21:30:24 3968 [Note] InnoDB: 128 rollback segment(s) are active.
2015-01-10 21:30:24 3968 [Note] InnoDB: Waiting for purge to start
2015-01-10 21:30:25 3968 [Note] InnoDB: 5.6.13 started; log sequence number 4156477
2015-01-10 21:30:25 3968 [Note] Server hostname (bind-address): '*'; port: 3307
2015-01-10 21:30:25 3968 [Note] IPv6 is available.
2015-01-10 21:30:25 3968 [Note]   - '::' resolves to '::';
2015-01-10 21:30:25 3968 [Note] Server socket created on IP: '::'.
2015-01-10 21:30:30 3968 [Note] Event Scheduler: Loaded 0 events
2015-01-10 21:30:30 3968 [Note] C:\Users\dell\Desktop\New folder/mysql/bin/mysqld_usbwv8.exe: ready for connections.
Version: '5.6.13'  socket: ''  port: 3307  MySQL Community Server (GPL)
